#
# A fatal error has been detected by the Java Runtime Environment:
#
#  EXCEPTION_ACCESS_VIOLATION (0xc0000005) at pc=0x00007ffb907a83cb, pid=23428, tid=26148
#
# JRE version: Java(TM) SE Runtime Environment (17.0+35) (build 17+35-LTS-2724)
# Java VM: Java HotSpot(TM) 64-Bit Server VM (17+35-LTS-2724, mixed mode, sharing, tiered, compressed oops, compressed class ptrs, g1 gc, windows-amd64)
# Problematic frame:
# V  [jvm.dll+0x6983cb]
#
# No core dump will be written. Minidumps are not enabled by default on client versions of Windows
#
# If you would like to submit a bug report, please visit:
#   https://bugreport.java.com/bugreport/crash.jsp
#

---------------  S U M M A R Y ------------

Command Line: -Dmaven.multiModuleProjectDirectory=C:\Users\sbonar\Videos\TrueConf\grpcmocker-master -Dmaven.home=C:\Program Files\JetBrains\IntelliJ IDEA 2019.3.4\plugins\maven\lib\maven3 -Dclassworlds.conf=C:\Program Files\JetBrains\IntelliJ IDEA 2019.3.4\plugins\maven\lib\maven3\bin\m2.conf -Dmaven.ext.class.path=C:\Program Files\JetBrains\IntelliJ IDEA 2019.3.4\plugins\maven\lib\maven-event-listener.jar -Didea.launcher.port=50809 -Didea.launcher.bin.path=C:\Program Files\JetBrains\IntelliJ IDEA 2019.3.4\bin -Dfile.encoding=UTF-8 com.intellij.rt.execution.application.AppMainV2 org.codehaus.classworlds.Launcher -Didea.version2019.3.4 compile

Host: Intel(R) Core(TM) i7-1065G7 CPU @ 1.30GHz, 8 cores, 15G,  Windows 10 , 64 bit Build 19041 (10.0.19041.4597)
Time: Tue Jul 30 12:37:37 2024  Windows 10 , 64 bit Build 19041 (10.0.19041.4597) elapsed time: 36.650646 seconds (0d 0h 0m 36s)

---------------  T H R E A D  ---------------

Current thread (0x00000171b560d210):  JavaThread "C2 CompilerThread0" daemon [_thread_in_native, id=26148, stack(0x00000041de500000,0x00000041de600000)]


Current CompileTask:
C2:  36650 10400       4       com.sun.tools.javac.jvm.Code::addLocalVar (68 bytes)

Stack: [0x00000041de500000,0x00000041de600000],  sp=0x00000041de5fb740,  free space=1005k
Native frames: (J=compiled Java code, j=interpreted, Vv=VM code, C=native code)
V  [jvm.dll+0x6983cb]
V  [jvm.dll+0x69822b]
V  [jvm.dll+0x1b9adc]
V  [jvm.dll+0x215df9]
V  [jvm.dll+0x2150c1]
V  [jvm.dll+0x1a168d]
V  [jvm.dll+0x2248f8]
V  [jvm.dll+0x222a5c]
V  [jvm.dll+0x78422b]
V  [jvm.dll+0x77e7ea]
V  [jvm.dll+0x66e715]
C  [ucrtbase.dll+0x21bb2]
C  [KERNEL32.DLL+0x17374]
C  [ntdll.dll+0x4cc91]


siginfo: EXCEPTION_ACCESS_VIOLATION (0xc0000005), reading address 0x000001726a5b58c8


Register to memory mapping:

RIP=0x00007ffb907a83cb jvm.dll
RAX=0x00000041de5fb980 is pointing into the stack for thread: 0x00000171b560d210
RBX=0x0 is NULL
RCX=0x00000171b8d77ef0 points into unknown readable memory: 0x0000000000000000 | 00 00 00 00 00 00 00 00
RDX=0x0000000000000018 is an unknown value
RSP=0x00000041de5fb740 is pointing into the stack for thread: 0x00000171b560d210
RBP=0x00000171b7a02a60 points into unknown readable memory: 0x00007ffb909c5800 | 00 58 9c 90 fb 7f 00 00
RSI=0x0000000000000003 is an unknown value
RDI=0x00000000000001b3 is an unknown value
R8 =0x00000041de5fb7e8 is pointing into the stack for thread: 0x00000171b560d210
R9 =0x00000171ba830168 points into unknown readable memory: 0x00000171bac23818 | 18 38 c2 ba 71 01 00 00
R10=0x00000171b99ac380 points into unknown readable memory: 0x0000000000000000 | 00 00 00 00 00 00 00 00
R11=0x00000171b7243130 points into unknown readable memory: 0x00007ffb909c0ab8 | b8 0a 9c 90 fb 7f 00 00
R12=0x00000041de5fbd20 is pointing into the stack for thread: 0x00000171b560d210
R13=0x0000000000000268 is an unknown value
R14=0x0000000000000010 is an unknown value
R15=0x00000171ba8300f8 points into unknown readable memory: 0x00007ffb90966630 | 30 66 96 90 fb 7f 00 00


Registers:
RAX=0x00000041de5fb980, RBX=0x0000000000000000, RCX=0x00000171b8d77ef0, RDX=0x0000000000000018
RSP=0x00000041de5fb740, RBP=0x00000171b7a02a60, RSI=0x0000000000000003, RDI=0x00000000000001b3
R8 =0x00000041de5fb7e8, R9 =0x00000171ba830168, R10=0x00000171b99ac380, R11=0x00000171b7243130
R12=0x00000041de5fbd20, R13=0x0000000000000268, R14=0x0000000000000010, R15=0x00000171ba8300f8
RIP=0x00007ffb907a83cb, EFLAGS=0x0000000000010246

Top of Stack: (sp=0x00000041de5fb740)
0x00000041de5fb740:   00000000000000d7 00000171bdcb2660
0x00000041de5fb750:   00000171b65504d0 00000171bab68220
0x00000041de5fb760:   00000000000000d0 00007ffb90325582
0x00000041de5fb770:   0000000000000268 00000171bab68220
0x00000041de5fb780:   00000041de5fbd20 000000000000003e
0x00000041de5fb790:   00000171ba8300f8 00000171b7a02a60
0x00000041de5fb7a0:   0000000000000002 00007ffb907a822b
0x00000041de5fb7b0:   00000171000001b3 0000000000000010
0x00000041de5fb7c0:   0000000000000002 0000000000000003
0x00000041de5fb7d0:   00000041de5fb7e8 00000171b8d97840
0x00000041de5fb7e0:   00000171bab6f398 0000026800000268
0x00000041de5fb7f0:   00000171bab68220 0000000000000000
0x00000041de5fb800:   0000000200000000 0000000000000000
0x00000041de5fb810:   00000171bd600000 0000000000000000
0x00000041de5fb820:   0000000000000000 00007ffb90a585b8
0x00000041de5fb830:   0000000000000000 0000000000000000 

Instructions: (pc=0x00007ffb907a83cb)
0x00007ffb907a82cb:   c8 00 00 00 4c 8b b4 24 d0 00 00 00 4c 8b ac 24
0x00007ffb907a82db:   d8 00 00 00 4c 8b a4 24 e0 00 00 00 48 8b bc 24
0x00007ffb907a82eb:   e8 00 00 00 48 8b b4 24 f0 00 00 00 74 18 48 8b
0x00007ffb907a82fb:   94 24 20 01 00 00 48 8b cb e8 a7 25 a1 ff 48 8b
0x00007ffb907a830b:   cd e8 0f 25 a1 ff 48 8b 84 24 28 01 00 00 48 8d
0x00007ffb907a831b:   4c 24 50 48 89 43 18 48 8b 44 24 30 48 89 43 20
0x00007ffb907a832b:   48 89 6b 10 e8 ec d3 b7 ff 48 81 c4 f8 00 00 00
0x00007ffb907a833b:   5d 5b c3 cc cc 48 8b 41 08 48 8b 48 08 48 8b 01
0x00007ffb907a834b:   48 ff 60 78 cc 44 89 44 24 18 53 55 57 41 54 41
0x00007ffb907a835b:   56 41 57 48 83 ec 38 4c 8b 91 08 01 00 00 49 8b
0x00007ffb907a836b:   e9 4c 8b 4a 08 33 db 41 8b c0 4c 8b fa 4c 8b e1
0x00007ffb907a837b:   4c 8d 34 c5 00 00 00 00 4f 8b 1c 0e 4c 89 74 24
0x00007ffb907a838b:   78 49 63 43 28 41 8b 3c 82 89 7c 24 70 85 ff 0f
0x00007ffb907a839b:   84 bc 02 00 00 48 8b 41 70 48 69 d7 b0 00 00 00
0x00007ffb907a83ab:   48 8b 48 20 48 83 7c 0a 18 ff 0f 85 a1 02 00 00
0x00007ffb907a83bb:   4c 8b 84 24 90 00 00 00 48 89 b4 24 88 00 00 00
0x00007ffb907a83cb:   48 63 74 0a 30 49 8b c9 48 c1 e6 04 4d 8b 40 08
0x00007ffb907a83db:   4c 89 6c 24 30 49 8b d0 48 89 74 24 20 4e 8b 2c
0x00007ffb907a83eb:   06 4d 85 ed 0f 84 37 02 00 00 49 63 45 28 41 3b
0x00007ffb907a83fb:   3c 82 0f 85 29 02 00 00 4d 3b eb 0f 84 20 02 00
0x00007ffb907a840b:   00 41 8b 45 2c 25 ff 01 00 00 3d 02 01 00 00 75
0x00007ffb907a841b:   08 49 8b f5 e9 bc 01 00 00 65 48 8b 04 25 58 00
0x00007ffb907a842b:   00 00 8b 0d 45 f5 48 00 48 8b 1c c8 b8 48 00 00
0x00007ffb907a843b:   00 80 3c 18 00 75 05 e8 15 19 19 00 b8 18 00 00
0x00007ffb907a844b:   00 48 8b 04 18 48 8b 88 d0 04 00 00 48 8b 99 80
0x00007ffb907a845b:   00 00 00 48 81 c3 68 02 00 00 48 8b 73 18 48 83
0x00007ffb907a846b:   fe b7 76 18 4c 8d 05 02 2b 1a 00 ba 48 00 00 00
0x00007ffb907a847b:   48 8b cb e8 ad 24 a1 ff 48 8b 73 18 48 8d 46 48
0x00007ffb907a848b:   48 3b 43 20 76 14 45 33 c0 48 8b cb 41 8d 50 48
0x00007ffb907a849b:   e8 10 21 a1 ff 48 8b f0 eb 04 48 89 43 18 48 85
0x00007ffb907a84ab:   f6 74 3d 33 d2 48 8b ce e8 c8 40 fb ff 33 c0 c6
0x00007ffb907a84bb:   46 38 00 89 46 3c 33 d2 48 89 46 40 48 8b ce 48 


Stack slot to memory mapping:
stack at sp + 0 slots: 0x00000000000000d7 is an unknown value
stack at sp + 1 slots: 0x00000171bdcb2660 points into unknown readable memory: 0x00007ffb9095b720 | 20 b7 95 90 fb 7f 00 00
stack at sp + 2 slots: 0x00000171b65504d0 points into unknown readable memory: 0x00007ffb909c5800 | 00 58 9c 90 fb 7f 00 00
stack at sp + 3 slots: 0x00000171bab68220 points into unknown readable memory: 0x0000000000000000 | 00 00 00 00 00 00 00 00
stack at sp + 4 slots: 0x00000000000000d0 is an unknown value
stack at sp + 5 slots: 0x00007ffb90325582 jvm.dll
stack at sp + 6 slots: 0x0000000000000268 is an unknown value
stack at sp + 7 slots: 0x00000171bab68220 points into unknown readable memory: 0x0000000000000000 | 00 00 00 00 00 00 00 00


---------------  P R O C E S S  ---------------

Threads class SMR info:
_java_thread_list=0x00000171b8de9550, length=17, elements={
0x0000017192a44050, 0x00000171b55f0680, 0x00000171b55f1140, 0x00000171b5605cf0,
0x00000171b5608dd0, 0x00000171b560b6a0, 0x00000171b560c570, 0x00000171b560d210,
0x00000171b5618390, 0x00000171b561b9e0, 0x00000171b610a320, 0x00000171b610e8a0,
0x00000171b6125290, 0x00000171b7b0aec0, 0x00000171ba0b7830, 0x00000171b8ef08f0,
0x00000171bab9bf40
}

Java Threads: ( => current thread )
  0x0000017192a44050 JavaThread "main" [_thread_in_Java, id=9136, stack(0x00000041dd800000,0x00000041dd900000)]
  0x00000171b55f0680 JavaThread "Reference Handler" daemon [_thread_blocked, id=7096, stack(0x00000041ddf00000,0x00000041de000000)]
  0x00000171b55f1140 JavaThread "Finalizer" daemon [_thread_blocked, id=24280, stack(0x00000041de000000,0x00000041de100000)]
  0x00000171b5605cf0 JavaThread "Signal Dispatcher" daemon [_thread_blocked, id=22840, stack(0x00000041de100000,0x00000041de200000)]
  0x00000171b5608dd0 JavaThread "Attach Listener" daemon [_thread_blocked, id=12792, stack(0x00000041de200000,0x00000041de300000)]
  0x00000171b560b6a0 JavaThread "Service Thread" daemon [_thread_blocked, id=16136, stack(0x00000041de300000,0x00000041de400000)]
  0x00000171b560c570 JavaThread "Monitor Deflation Thread" daemon [_thread_blocked, id=21620, stack(0x00000041de400000,0x00000041de500000)]
=>0x00000171b560d210 JavaThread "C2 CompilerThread0" daemon [_thread_in_native, id=26148, stack(0x00000041de500000,0x00000041de600000)]
  0x00000171b5618390 JavaThread "C1 CompilerThread0" daemon [_thread_blocked, id=10080, stack(0x00000041de600000,0x00000041de700000)]
  0x00000171b561b9e0 JavaThread "Sweeper thread" daemon [_thread_blocked, id=25460, stack(0x00000041de700000,0x00000041de800000)]
  0x00000171b610a320 JavaThread "Notification Thread" daemon [_thread_blocked, id=24428, stack(0x00000041de800000,0x00000041de900000)]
  0x00000171b610e8a0 JavaThread "Common-Cleaner" daemon [_thread_blocked, id=23228, stack(0x00000041dea00000,0x00000041deb00000)]
  0x00000171b6125290 JavaThread "Monitor Ctrl-Break" daemon [_thread_in_native, id=25000, stack(0x00000041deb00000,0x00000041dec00000)]
  0x00000171b7b0aec0 JavaThread "resolver-1" daemon [_thread_blocked, id=25604, stack(0x00000041dec00000,0x00000041ded00000)]
  0x00000171ba0b7830 JavaThread "resolver-2" daemon [_thread_blocked, id=13764, stack(0x00000041ded00000,0x00000041dee00000)]
  0x00000171b8ef08f0 JavaThread "resolver-3" daemon [_thread_blocked, id=2460, stack(0x00000041df500000,0x00000041df600000)]
  0x00000171bab9bf40 JavaThread "C2 CompilerThread1" daemon [_thread_in_native, id=16316, stack(0x00000041dd500000,0x00000041dd600000)]

Other Threads:
  0x00000171b55ea400 VMThread "VM Thread" [stack: 0x00000041dde00000,0x00000041ddf00000] [id=17224]
  0x0000017192ab8670 WatcherThread [stack: 0x00000041de900000,0x00000041dea00000] [id=25336]
  0x0000017192a948a0 GCTaskThread "GC Thread#0" [stack: 0x00000041dd900000,0x00000041dda00000] [id=24492]
  0x00000171b6224130 GCTaskThread "GC Thread#1" [stack: 0x00000041dee00000,0x00000041def00000] [id=20844]
  0x00000171b723bc80 GCTaskThread "GC Thread#2" [stack: 0x00000041def00000,0x00000041df000000] [id=20692]
  0x00000171b6bc0d30 GCTaskThread "GC Thread#3" [stack: 0x00000041df000000,0x00000041df100000] [id=15560]
  0x00000171b6a8ed10 GCTaskThread "GC Thread#4" [stack: 0x00000041df100000,0x00000041df200000] [id=13848]
  0x00000171b6663600 GCTaskThread "GC Thread#5" [stack: 0x00000041df200000,0x00000041df300000] [id=10796]
  0x00000171b74f6010 GCTaskThread "GC Thread#6" [stack: 0x00000041df300000,0x00000041df400000] [id=3468]
  0x00000171b7500b00 GCTaskThread "GC Thread#7" [stack: 0x00000041df400000,0x00000041df500000] [id=13588]
  0x0000017192aa73a0 ConcurrentGCThread "G1 Main Marker" [stack: 0x00000041dda00000,0x00000041ddb00000] [id=15888]
  0x0000017192aa8460 ConcurrentGCThread "G1 Conc#0" [stack: 0x00000041ddb00000,0x00000041ddc00000] [id=5740]
  0x00000171b95a0840 ConcurrentGCThread "G1 Conc#1" [stack: 0x00000041df600000,0x00000041df700000] [id=5060]
  0x0000017192b1d630 ConcurrentGCThread "G1 Refine#0" [stack: 0x00000041ddc00000,0x00000041ddd00000] [id=19076]
  0x00000171b6699ad0 ConcurrentGCThread "G1 Refine#1" [stack: 0x00000041df900000,0x00000041dfa00000] [id=26376]
  0x00000171ba2de7f0 ConcurrentGCThread "G1 Refine#2" [stack: 0x00000041df800000,0x00000041df900000] [id=16036]
  0x00000171ba1ff6d0 ConcurrentGCThread "G1 Refine#3" [stack: 0x00000041dfb00000,0x00000041dfc00000] [id=16556]
  0x00000171bbe32fd0 ConcurrentGCThread "G1 Refine#4" [stack: 0x00000041dfc00000,0x00000041dfd00000] [id=18156]
  0x00000171bbab36e0 ConcurrentGCThread "G1 Refine#5" [stack: 0x00000041dfa00000,0x00000041dfb00000] [id=4536]
  0x00000171b78f2210 ConcurrentGCThread "G1 Refine#6" [stack: 0x00000041df700000,0x00000041df800000] [id=15284]
  0x0000017192b1df60 ConcurrentGCThread "G1 Service" [stack: 0x00000041ddd00000,0x00000041dde00000] [id=328]

Threads with active compile tasks:
C2 CompilerThread0    36733 10400       4       com.sun.tools.javac.jvm.Code::addLocalVar (68 bytes)
C2 CompilerThread1    36734 10401       4       com.sun.tools.javac.jvm.Code::newLocal (25 bytes)

VM state: not at safepoint (normal execution)

VM Mutex/Monitor currently owned by a thread: None

Heap address: 0x0000000703600000, size: 4042 MB, Compressed Oops mode: Zero based, Oop shift amount: 3

CDS archive(s) mapped at: [0x0000000800000000-0x0000000800bc0000-0x0000000800bc0000), size 12320768, SharedBaseAddress: 0x0000000800000000, ArchiveRelocationMode: 0.
Compressed class space mapped at: 0x0000000800c00000-0x0000000840c00000, reserved size: 1073741824
Narrow klass base: 0x0000000800000000, Narrow klass shift: 0, Narrow klass range: 0x100000000

GC Precious Log:
 CPUs: 8 total, 8 available
 Memory: 16165M
 Large Page Support: Disabled
 NUMA Support: Disabled
 Compressed Oops: Enabled (Zero based)
 Heap Region Size: 2M
 Heap Min Capacity: 8M
 Heap Initial Capacity: 254M
 Heap Max Capacity: 4042M
 Pre-touch: Disabled
 Parallel Workers: 8
 Concurrent Workers: 2
 Concurrent Refinement Workers: 8
 Periodic GC: Disabled

Heap:
 garbage-first heap   total 833536K, used 240207K [0x0000000703600000, 0x0000000800000000)
  region size 2048K, 12 young (24576K), 9 survivors (18432K)
 Metaspace       used 28537K, committed 28864K, reserved 1081344K
  class space    used 2992K, committed 3136K, reserved 1048576K

Heap Regions: E=young(eden), S=young(survivor), O=old, HS=humongous(starts), HC=humongous(continues), CS=collection set, F=free, OA=open archive, CA=closed archive, TAMS=top-at-mark-start (previous, next)
|   0|0x0000000703600000, 0x0000000703800000, 0x0000000703800000|100%| O|  |TAMS 0x0000000703800000, 0x0000000703600000| Untracked 
|   1|0x0000000703800000, 0x0000000703a00000, 0x0000000703a00000|100%| O|  |TAMS 0x0000000703a00000, 0x0000000703800000| Untracked 
|   2|0x0000000703a00000, 0x0000000703c00000, 0x0000000703c00000|100%| O|  |TAMS 0x0000000703c00000, 0x0000000703a00000| Untracked 
|   3|0x0000000703c00000, 0x0000000703e00000, 0x0000000703e00000|100%| O|  |TAMS 0x0000000703e00000, 0x0000000703c00000| Untracked 
|   4|0x0000000703e00000, 0x0000000704000000, 0x0000000704000000|100%| O|  |TAMS 0x0000000704000000, 0x0000000703e00000| Untracked 
|   5|0x0000000704000000, 0x0000000704200000, 0x0000000704200000|100%| O|  |TAMS 0x0000000704200000, 0x0000000704000000| Untracked 
|   6|0x0000000704200000, 0x0000000704400000, 0x0000000704400000|100%| O|  |TAMS 0x0000000704400000, 0x0000000704200000| Untracked 
|   7|0x0000000704400000, 0x0000000704600000, 0x0000000704600000|100%| O|  |TAMS 0x0000000704600000, 0x0000000704400000| Untracked 
|   8|0x0000000704600000, 0x0000000704800000, 0x0000000704800000|100%| O|  |TAMS 0x0000000704800000, 0x0000000704600000| Untracked 
|   9|0x0000000704800000, 0x0000000704a00000, 0x0000000704a00000|100%| O|  |TAMS 0x0000000704a00000, 0x0000000704800000| Untracked 
|  10|0x0000000704a00000, 0x0000000704c00000, 0x0000000704c00000|100%| O|  |TAMS 0x0000000704c00000, 0x0000000704a00000| Untracked 
|  11|0x0000000704c00000, 0x0000000704e00000, 0x0000000704e00000|100%| O|  |TAMS 0x0000000704e00000, 0x0000000704c00000| Untracked 
|  12|0x0000000704e00000, 0x0000000705000000, 0x0000000705000000|100%| O|  |TAMS 0x0000000705000000, 0x0000000704e00000| Untracked 
|  13|0x0000000705000000, 0x0000000705200000, 0x0000000705200000|100%| O|  |TAMS 0x0000000705200000, 0x0000000705000000| Untracked 
|  14|0x0000000705200000, 0x0000000705400000, 0x0000000705400000|100%| O|  |TAMS 0x0000000705400000, 0x0000000705200000| Untracked 
|  15|0x0000000705400000, 0x0000000705600000, 0x0000000705600000|100%| O|  |TAMS 0x0000000705600000, 0x0000000705400000| Untracked 
|  16|0x0000000705600000, 0x0000000705800000, 0x0000000705800000|100%| O|  |TAMS 0x0000000705800000, 0x0000000705600000| Untracked 
|  17|0x0000000705800000, 0x0000000705a00000, 0x0000000705a00000|100%| O|  |TAMS 0x0000000705a00000, 0x0000000705800000| Untracked 
|  18|0x0000000705a00000, 0x0000000705c00000, 0x0000000705c00000|100%| O|  |TAMS 0x0000000705c00000, 0x0000000705a00000| Untracked 
|  19|0x0000000705c00000, 0x0000000705e00000, 0x0000000705e00000|100%|HS|  |TAMS 0x0000000705e00000, 0x0000000705c00000| Complete 
|  20|0x0000000705e00000, 0x0000000706000000, 0x0000000706000000|100%|HC|  |TAMS 0x0000000706000000, 0x0000000705e00000| Complete 
|  21|0x0000000706000000, 0x0000000706200000, 0x0000000706200000|100%|HS|  |TAMS 0x0000000706200000, 0x0000000706000000| Complete 
|  22|0x0000000706200000, 0x0000000706400000, 0x0000000706400000|100%|HS|  |TAMS 0x0000000706400000, 0x0000000706200000| Complete 
|  23|0x0000000706400000, 0x0000000706600000, 0x0000000706600000|100%| O|  |TAMS 0x0000000706600000, 0x0000000706400000| Untracked 
|  24|0x0000000706600000, 0x0000000706800000, 0x0000000706800000|100%|HS|  |TAMS 0x0000000706800000, 0x0000000706600000| Complete 
|  25|0x0000000706800000, 0x0000000706a00000, 0x0000000706a00000|100%| O|  |TAMS 0x0000000706a00000, 0x0000000706800000| Untracked 
|  26|0x0000000706a00000, 0x0000000706c00000, 0x0000000706c00000|100%| O|  |TAMS 0x0000000706c00000, 0x0000000706a00000| Untracked 
|  27|0x0000000706c00000, 0x0000000706e00000, 0x0000000706e00000|100%| O|  |TAMS 0x0000000706e00000, 0x0000000706c00000| Untracked 
|  28|0x0000000706e00000, 0x0000000707000000, 0x0000000707000000|100%| O|  |TAMS 0x0000000707000000, 0x0000000706e00000| Untracked 
|  29|0x0000000707000000, 0x0000000707200000, 0x0000000707200000|100%| O|  |TAMS 0x0000000707200000, 0x0000000707000000| Untracked 
|  30|0x0000000707200000, 0x0000000707400000, 0x0000000707400000|100%| O|  |TAMS 0x0000000707400000, 0x0000000707200000| Untracked 
|  31|0x0000000707400000, 0x0000000707600000, 0x0000000707600000|100%|HS|  |TAMS 0x0000000707600000, 0x0000000707400000| Complete 
|  32|0x0000000707600000, 0x0000000707800000, 0x0000000707800000|100%|HC|  |TAMS 0x0000000707800000, 0x0000000707600000| Complete 
|  33|0x0000000707800000, 0x0000000707a00000, 0x0000000707a00000|100%| O|  |TAMS 0x0000000707a00000, 0x0000000707800000| Untracked 
|  34|0x0000000707a00000, 0x0000000707c00000, 0x0000000707c00000|100%| O|  |TAMS 0x0000000707c00000, 0x0000000707a00000| Untracked 
|  35|0x0000000707c00000, 0x0000000707e00000, 0x0000000707e00000|100%| O|  |TAMS 0x0000000707e00000, 0x0000000707c00000| Untracked 
|  36|0x0000000707e00000, 0x0000000708000000, 0x0000000708000000|100%| O|  |TAMS 0x0000000708000000, 0x0000000707e00000| Untracked 
|  37|0x0000000708000000, 0x0000000708200000, 0x0000000708200000|100%| O|  |TAMS 0x0000000708200000, 0x0000000708000000| Untracked 
|  38|0x0000000708200000, 0x0000000708400000, 0x0000000708400000|100%|HS|  |TAMS 0x0000000708400000, 0x0000000708200000| Complete 
|  39|0x0000000708400000, 0x0000000708600000, 0x0000000708600000|100%|HS|  |TAMS 0x0000000708600000, 0x0000000708400000| Complete 
|  40|0x0000000708600000, 0x0000000708800000, 0x0000000708800000|100%| O|  |TAMS 0x0000000708800000, 0x0000000708600000| Untracked 
|  41|0x0000000708800000, 0x0000000708a00000, 0x0000000708a00000|100%| O|  |TAMS 0x0000000708a00000, 0x0000000708800000| Untracked 
|  42|0x0000000708a00000, 0x0000000708c00000, 0x0000000708c00000|100%| O|  |TAMS 0x0000000708c00000, 0x0000000708a00000| Untracked 
|  43|0x0000000708c00000, 0x0000000708e00000, 0x0000000708e00000|100%| O|  |TAMS 0x0000000708e00000, 0x0000000708c00000| Untracked 
|  44|0x0000000708e00000, 0x0000000709000000, 0x0000000709000000|100%| O|  |TAMS 0x0000000709000000, 0x0000000708e00000| Untracked 
|  45|0x0000000709000000, 0x0000000709200000, 0x0000000709200000|100%| O|  |TAMS 0x0000000709200000, 0x0000000709000000| Untracked 
|  46|0x0000000709200000, 0x0000000709400000, 0x0000000709400000|100%| O|  |TAMS 0x0000000709400000, 0x0000000709200000| Untracked 
|  47|0x0000000709400000, 0x0000000709600000, 0x0000000709600000|100%| O|  |TAMS 0x0000000709600000, 0x0000000709400000| Untracked 
|  48|0x0000000709600000, 0x0000000709800000, 0x0000000709800000|100%| O|  |TAMS 0x0000000709800000, 0x0000000709600000| Untracked 
|  49|0x0000000709800000, 0x0000000709a00000, 0x0000000709a00000|100%| O|  |TAMS 0x0000000709a00000, 0x0000000709800000| Untracked 
|  50|0x0000000709a00000, 0x0000000709c00000, 0x0000000709c00000|100%| O|  |TAMS 0x0000000709c00000, 0x0000000709a00000| Untracked 
|  51|0x0000000709c00000, 0x0000000709e00000, 0x0000000709e00000|100%| O|  |TAMS 0x0000000709e00000, 0x0000000709c00000| Untracked 
|  52|0x0000000709e00000, 0x000000070a000000, 0x000000070a000000|100%| O|  |TAMS 0x000000070a000000, 0x0000000709e00000| Untracked 
|  53|0x000000070a000000, 0x000000070a200000, 0x000000070a200000|100%| O|  |TAMS 0x000000070a200000, 0x000000070a000000| Untracked 
|  54|0x000000070a200000, 0x000000070a400000, 0x000000070a400000|100%| O|  |TAMS 0x000000070a400000, 0x000000070a200000| Untracked 
|  55|0x000000070a400000, 0x000000070a600000, 0x000000070a600000|100%| O|  |TAMS 0x000000070a600000, 0x000000070a400000| Untracked 
|  56|0x000000070a600000, 0x000000070a800000, 0x000000070a800000|100%|HS|  |TAMS 0x000000070a800000, 0x000000070a600000| Complete 
|  57|0x000000070a800000, 0x000000070aa00000, 0x000000070aa00000|100%| O|  |TAMS 0x000000070aa00000, 0x000000070a800000| Untracked 
|  58|0x000000070aa00000, 0x000000070ac00000, 0x000000070ac00000|100%| O|  |TAMS 0x000000070ac00000, 0x000000070aa00000| Untracked 
|  59|0x000000070ac00000, 0x000000070ae00000, 0x000000070ae00000|100%| O|  |TAMS 0x000000070ae00000, 0x000000070ac00000| Untracked 
|  60|0x000000070ae00000, 0x000000070b000000, 0x000000070b000000|100%| O|  |TAMS 0x000000070b000000, 0x000000070ae00000| Untracked 
|  61|0x000000070b000000, 0x000000070b200000, 0x000000070b200000|100%| O|  |TAMS 0x000000070b200000, 0x000000070b000000| Untracked 
|  62|0x000000070b200000, 0x000000070b400000, 0x000000070b400000|100%| O|  |TAMS 0x000000070b400000, 0x000000070b200000| Untracked 
|  63|0x000000070b400000, 0x000000070b600000, 0x000000070b600000|100%| O|  |TAMS 0x000000070b600000, 0x000000070b400000| Untracked 
|  64|0x000000070b600000, 0x000000070b800000, 0x000000070b800000|100%| O|  |TAMS 0x000000070b800000, 0x000000070b600000| Untracked 
|  65|0x000000070b800000, 0x000000070ba00000, 0x000000070ba00000|100%| O|  |TAMS 0x000000070ba00000, 0x000000070b800000| Untracked 
|  66|0x000000070ba00000, 0x000000070bc00000, 0x000000070bc00000|100%| O|  |TAMS 0x000000070bc00000, 0x000000070ba00000| Untracked 
|  67|0x000000070bc00000, 0x000000070be00000, 0x000000070be00000|100%| O|  |TAMS 0x000000070be00000, 0x000000070bc00000| Untracked 
|  68|0x000000070be00000, 0x000000070c000000, 0x000000070c000000|100%| O|  |TAMS 0x000000070c000000, 0x000000070be00000| Untracked 
|  69|0x000000070c000000, 0x000000070c200000, 0x000000070c200000|100%| O|  |TAMS 0x000000070c200000, 0x000000070c000000| Untracked 
|  70|0x000000070c200000, 0x000000070c400000, 0x000000070c400000|100%| O|  |TAMS 0x000000070c400000, 0x000000070c200000| Untracked 
|  71|0x000000070c400000, 0x000000070c600000, 0x000000070c600000|100%| O|  |TAMS 0x000000070c600000, 0x000000070c400000| Untracked 
|  72|0x000000070c600000, 0x000000070c800000, 0x000000070c800000|100%| O|  |TAMS 0x000000070c800000, 0x000000070c600000| Untracked 
|  73|0x000000070c800000, 0x000000070ca00000, 0x000000070ca00000|100%| O|  |TAMS 0x000000070ca00000, 0x000000070c800000| Untracked 
|  74|0x000000070ca00000, 0x000000070cc00000, 0x000000070cc00000|100%| O|  |TAMS 0x000000070cc00000, 0x000000070ca00000| Untracked 
|  75|0x000000070cc00000, 0x000000070ce00000, 0x000000070ce00000|100%| O|  |TAMS 0x000000070ce00000, 0x000000070cc00000| Untracked 
|  76|0x000000070ce00000, 0x000000070d000000, 0x000000070d000000|100%| O|  |TAMS 0x000000070d000000, 0x000000070ce00000| Untracked 
|  77|0x000000070d000000, 0x000000070d200000, 0x000000070d200000|100%| O|  |TAMS 0x000000070d200000, 0x000000070d000000| Untracked 
|  78|0x000000070d200000, 0x000000070d400000, 0x000000070d400000|100%| O|  |TAMS 0x000000070d400000, 0x000000070d200000| Untracked 
|  79|0x000000070d400000, 0x000000070d600000, 0x000000070d600000|100%| O|  |TAMS 0x000000070d600000, 0x000000070d400000| Untracked 
|  80|0x000000070d600000, 0x000000070d800000, 0x000000070d800000|100%| O|  |TAMS 0x000000070d800000, 0x000000070d600000| Untracked 
|  81|0x000000070d800000, 0x000000070da00000, 0x000000070da00000|100%| O|  |TAMS 0x000000070da00000, 0x000000070d800000| Untracked 
|  82|0x000000070da00000, 0x000000070dc00000, 0x000000070dc00000|100%| O|  |TAMS 0x000000070dc00000, 0x000000070da00000| Untracked 
|  83|0x000000070dc00000, 0x000000070de00000, 0x000000070de00000|100%| O|  |TAMS 0x000000070de00000, 0x000000070dc00000| Untracked 
|  84|0x000000070de00000, 0x000000070e000000, 0x000000070e000000|100%| O|  |TAMS 0x000000070e000000, 0x000000070de00000| Untracked 
|  85|0x000000070e000000, 0x000000070e200000, 0x000000070e200000|100%| O|  |TAMS 0x000000070e200000, 0x000000070e000000| Untracked 
|  86|0x000000070e200000, 0x000000070e400000, 0x000000070e400000|100%| O|  |TAMS 0x000000070e400000, 0x000000070e200000| Untracked 
|  87|0x000000070e400000, 0x000000070e600000, 0x000000070e600000|100%| O|  |TAMS 0x000000070e600000, 0x000000070e400000| Untracked 
|  88|0x000000070e600000, 0x000000070e800000, 0x000000070e800000|100%| O|  |TAMS 0x000000070e800000, 0x000000070e600000| Untracked 
|  89|0x000000070e800000, 0x000000070ea00000, 0x000000070ea00000|100%| O|  |TAMS 0x000000070ea00000, 0x000000070e800000| Untracked 
|  90|0x000000070ea00000, 0x000000070ec00000, 0x000000070ec00000|100%| O|  |TAMS 0x000000070ea00000, 0x000000070ea00000| Untracked 
|  91|0x000000070ec00000, 0x000000070ee00000, 0x000000070ee00000|100%| O|  |TAMS 0x000000070ee00000, 0x000000070ec00000| Untracked 
|  92|0x000000070ee00000, 0x000000070f000000, 0x000000070f000000|100%| O|  |TAMS 0x000000070f000000, 0x000000070ee00000| Untracked 
|  93|0x000000070f000000, 0x000000070f200000, 0x000000070f200000|100%| O|  |TAMS 0x000000070f200000, 0x000000070f000000| Untracked 
|  94|0x000000070f200000, 0x000000070f200000, 0x000000070f400000|  0%| F|  |TAMS 0x000000070f200000, 0x000000070f200000| Untracked 
|  95|0x000000070f400000, 0x000000070f600000, 0x000000070f600000|100%| O|  |TAMS 0x000000070f600000, 0x000000070f400000| Untracked 
|  96|0x000000070f600000, 0x000000070f800000, 0x000000070f800000|100%| O|  |TAMS 0x000000070f800000, 0x000000070f600000| Untracked 
|  97|0x000000070f800000, 0x000000070fa00000, 0x000000070fa00000|100%| O|  |TAMS 0x000000070fa00000, 0x000000070f800000| Untracked 
|  98|0x000000070fa00000, 0x000000070fc00000, 0x000000070fc00000|100%| O|  |TAMS 0x000000070fa00000, 0x000000070fa00000| Untracked 
|  99|0x000000070fc00000, 0x000000070fe00000, 0x000000070fe00000|100%| O|  |TAMS 0x000000070fe00000, 0x000000070fc00000| Untracked 
| 100|0x000000070fe00000, 0x0000000710000000, 0x0000000710000000|100%| O|  |TAMS 0x0000000710000000, 0x000000070fe00000| Untracked 
| 101|0x0000000710000000, 0x0000000710200000, 0x0000000710200000|100%| O|  |TAMS 0x0000000710200000, 0x0000000710000000| Untracked 
| 102|0x0000000710200000, 0x0000000710200000, 0x0000000710400000|  0%| F|  |TAMS 0x0000000710200000, 0x0000000710200000| Untracked 
| 103|0x0000000710400000, 0x0000000710400000, 0x0000000710600000|  0%| F|  |TAMS 0x0000000710400000, 0x0000000710400000| Untracked 
| 104|0x0000000710600000, 0x0000000710800000, 0x0000000710800000|100%| O|  |TAMS 0x0000000710600000, 0x0000000710600000| Untracked 
| 105|0x0000000710800000, 0x0000000710a00000, 0x0000000710a00000|100%| O|  |TAMS 0x0000000710800000, 0x0000000710800000| Untracked 
| 106|0x0000000710a00000, 0x0000000710c00000, 0x0000000710c00000|100%| O|  |TAMS 0x0000000710a00000, 0x0000000710a00000| Untracked 
| 107|0x0000000710c00000, 0x0000000710e00000, 0x0000000710e00000|100%| O|  |TAMS 0x0000000710c00000, 0x0000000710c00000| Untracked 
| 108|0x0000000710e00000, 0x0000000711000000, 0x0000000711000000|100%| O|  |TAMS 0x0000000710e00000, 0x0000000710e00000| Untracked 
| 109|0x0000000711000000, 0x00000007111a9600, 0x0000000711200000| 83%| O|  |TAMS 0x0000000711000000, 0x0000000711000000| Untracked 
| 110|0x0000000711200000, 0x0000000711200000, 0x0000000711400000|  0%| F|  |TAMS 0x0000000711200000, 0x0000000711200000| Untracked 
| 111|0x0000000711400000, 0x0000000711400000, 0x0000000711600000|  0%| F|  |TAMS 0x0000000711400000, 0x0000000711400000| Untracked 
| 112|0x0000000711600000, 0x0000000711600000, 0x0000000711800000|  0%| F|  |TAMS 0x0000000711600000, 0x0000000711600000| Untracked 
| 113|0x0000000711800000, 0x0000000711800000, 0x0000000711a00000|  0%| F|  |TAMS 0x0000000711800000, 0x0000000711800000| Untracked 
| 114|0x0000000711a00000, 0x0000000711a00000, 0x0000000711c00000|  0%| F|  |TAMS 0x0000000711a00000, 0x0000000711a00000| Untracked 
| 115|0x0000000711c00000, 0x0000000711c00000, 0x0000000711e00000|  0%| F|  |TAMS 0x0000000711c00000, 0x0000000711c00000| Untracked 
| 116|0x0000000711e00000, 0x0000000711e00000, 0x0000000712000000|  0%| F|  |TAMS 0x0000000711e00000, 0x0000000711e00000| Untracked 
| 117|0x0000000712000000, 0x0000000712000000, 0x0000000712200000|  0%| F|  |TAMS 0x0000000712000000, 0x0000000712000000| Untracked 
| 118|0x0000000712200000, 0x0000000712200000, 0x0000000712400000|  0%| F|  |TAMS 0x0000000712200000, 0x0000000712200000| Untracked 
| 119|0x0000000712400000, 0x0000000712400000, 0x0000000712600000|  0%| F|  |TAMS 0x0000000712400000, 0x0000000712400000| Untracked 
| 120|0x0000000712600000, 0x0000000712600000, 0x0000000712800000|  0%| F|  |TAMS 0x0000000712600000, 0x0000000712600000| Untracked 
| 121|0x0000000712800000, 0x0000000712800000, 0x0000000712a00000|  0%| F|  |TAMS 0x0000000712800000, 0x0000000712800000| Untracked 
| 122|0x0000000712a00000, 0x0000000712a00000, 0x0000000712c00000|  0%| F|  |TAMS 0x0000000712a00000, 0x0000000712a00000| Untracked 
| 123|0x0000000712c00000, 0x0000000712c00000, 0x0000000712e00000|  0%| F|  |TAMS 0x0000000712c00000, 0x0000000712c00000| Untracked 
| 124|0x0000000712e00000, 0x0000000712e00000, 0x0000000713000000|  0%| F|  |TAMS 0x0000000712e00000, 0x0000000712e00000| Untracked 
| 125|0x0000000713000000, 0x0000000713000000, 0x0000000713200000|  0%| F|  |TAMS 0x0000000713000000, 0x0000000713000000| Untracked 
| 126|0x0000000713200000, 0x0000000713200000, 0x0000000713400000|  0%| F|  |TAMS 0x0000000713200000, 0x0000000713200000| Untracked 
| 127|0x0000000713400000, 0x0000000713400000, 0x0000000713600000|  0%| F|  |TAMS 0x0000000713400000, 0x0000000713400000| Untracked 
| 128|0x0000000713600000, 0x0000000713600000, 0x0000000713800000|  0%| F|  |TAMS 0x0000000713600000, 0x0000000713600000| Untracked 
| 129|0x0000000713800000, 0x0000000713800000, 0x0000000713a00000|  0%| F|  |TAMS 0x0000000713800000, 0x0000000713800000| Untracked 
| 130|0x0000000713a00000, 0x0000000713a00000, 0x0000000713c00000|  0%| F|  |TAMS 0x0000000713a00000, 0x0000000713a00000| Untracked 
| 131|0x0000000713c00000, 0x0000000713c00000, 0x0000000713e00000|  0%| F|  |TAMS 0x0000000713c00000, 0x0000000713c00000| Untracked 
| 132|0x0000000713e00000, 0x0000000713e00000, 0x0000000714000000|  0%| F|  |TAMS 0x0000000713e00000, 0x0000000713e00000| Untracked 
| 133|0x0000000714000000, 0x0000000714000000, 0x0000000714200000|  0%| F|  |TAMS 0x0000000714000000, 0x0000000714000000| Untracked 
| 134|0x0000000714200000, 0x0000000714200000, 0x0000000714400000|  0%| F|  |TAMS 0x0000000714200000, 0x0000000714200000| Untracked 
| 135|0x0000000714400000, 0x0000000714400000, 0x0000000714600000|  0%| F|  |TAMS 0x0000000714400000, 0x0000000714400000| Untracked 
| 136|0x0000000714600000, 0x0000000714600000, 0x0000000714800000|  0%| F|  |TAMS 0x0000000714600000, 0x0000000714600000| Untracked 
| 137|0x0000000714800000, 0x0000000714800000, 0x0000000714a00000|  0%| F|  |TAMS 0x0000000714800000, 0x0000000714800000| Untracked 
| 138|0x0000000714a00000, 0x0000000714a00000, 0x0000000714c00000|  0%| F|  |TAMS 0x0000000714a00000, 0x0000000714a00000| Untracked 
| 139|0x0000000714c00000, 0x0000000714c00000, 0x0000000714e00000|  0%| F|  |TAMS 0x0000000714c00000, 0x0000000714c00000| Untracked 
| 140|0x0000000714e00000, 0x0000000714e00000, 0x0000000715000000|  0%| F|  |TAMS 0x0000000714e00000, 0x0000000714e00000| Untracked 
| 141|0x0000000715000000, 0x0000000715000000, 0x0000000715200000|  0%| F|  |TAMS 0x0000000715000000, 0x0000000715000000| Untracked 
| 142|0x0000000715200000, 0x0000000715200000, 0x0000000715400000|  0%| F|  |TAMS 0x0000000715200000, 0x0000000715200000| Untracked 
| 143|0x0000000715400000, 0x0000000715400000, 0x0000000715600000|  0%| F|  |TAMS 0x0000000715400000, 0x0000000715400000| Untracked 
| 144|0x0000000715600000, 0x0000000715600000, 0x0000000715800000|  0%| F|  |TAMS 0x0000000715600000, 0x0000000715600000| Untracked 
| 145|0x0000000715800000, 0x0000000715800000, 0x0000000715a00000|  0%| F|  |TAMS 0x0000000715800000, 0x0000000715800000| Untracked 
| 146|0x0000000715a00000, 0x0000000715a00000, 0x0000000715c00000|  0%| F|  |TAMS 0x0000000715a00000, 0x0000000715a00000| Untracked 
| 147|0x0000000715c00000, 0x0000000715c00000, 0x0000000715e00000|  0%| F|  |TAMS 0x0000000715c00000, 0x0000000715c00000| Untracked 
| 148|0x0000000715e00000, 0x0000000715e00000, 0x0000000716000000|  0%| F|  |TAMS 0x0000000715e00000, 0x0000000715e00000| Untracked 
| 149|0x0000000716000000, 0x0000000716000000, 0x0000000716200000|  0%| F|  |TAMS 0x0000000716000000, 0x0000000716000000| Untracked 
| 150|0x0000000716200000, 0x0000000716200000, 0x0000000716400000|  0%| F|  |TAMS 0x0000000716200000, 0x0000000716200000| Untracked 
| 151|0x0000000716400000, 0x0000000716400000, 0x0000000716600000|  0%| F|  |TAMS 0x0000000716400000, 0x0000000716400000| Untracked 
| 152|0x0000000716600000, 0x0000000716600000, 0x0000000716800000|  0%| F|  |TAMS 0x0000000716600000, 0x0000000716600000| Untracked 
| 153|0x0000000716800000, 0x0000000716800000, 0x0000000716a00000|  0%| F|  |TAMS 0x0000000716800000, 0x0000000716800000| Untracked 
| 154|0x0000000716a00000, 0x0000000716a00000, 0x0000000716c00000|  0%| F|  |TAMS 0x0000000716a00000, 0x0000000716a00000| Untracked 
| 155|0x0000000716c00000, 0x0000000716c00000, 0x0000000716e00000|  0%| F|  |TAMS 0x0000000716c00000, 0x0000000716c00000| Untracked 
| 156|0x0000000716e00000, 0x0000000716e00000, 0x0000000717000000|  0%| F|  |TAMS 0x0000000716e00000, 0x0000000716e00000| Untracked 
| 157|0x0000000717000000, 0x0000000717000000, 0x0000000717200000|  0%| F|  |TAMS 0x0000000717000000, 0x0000000717000000| Untracked 
| 158|0x0000000717200000, 0x0000000717200000, 0x0000000717400000|  0%| F|  |TAMS 0x0000000717200000, 0x0000000717200000| Untracked 
| 159|0x0000000717400000, 0x0000000717400000, 0x0000000717600000|  0%| F|  |TAMS 0x0000000717400000, 0x0000000717400000| Untracked 
| 160|0x0000000717600000, 0x0000000717600000, 0x0000000717800000|  0%| F|  |TAMS 0x0000000717600000, 0x0000000717600000| Untracked 
| 161|0x0000000717800000, 0x0000000717800000, 0x0000000717a00000|  0%| F|  |TAMS 0x0000000717800000, 0x0000000717800000| Untracked 
| 162|0x0000000717a00000, 0x0000000717a00000, 0x0000000717c00000|  0%| F|  |TAMS 0x0000000717a00000, 0x0000000717a00000| Untracked 
| 163|0x0000000717c00000, 0x0000000717c00000, 0x0000000717e00000|  0%| F|  |TAMS 0x0000000717c00000, 0x0000000717c00000| Untracked 
| 164|0x0000000717e00000, 0x0000000717e00000, 0x0000000718000000|  0%| F|  |TAMS 0x0000000717e00000, 0x0000000717e00000| Untracked 
| 165|0x0000000718000000, 0x0000000718000000, 0x0000000718200000|  0%| F|  |TAMS 0x0000000718000000, 0x0000000718000000| Untracked 
| 166|0x0000000718200000, 0x0000000718200000, 0x0000000718400000|  0%| F|  |TAMS 0x0000000718200000, 0x0000000718200000| Untracked 
| 167|0x0000000718400000, 0x0000000718400000, 0x0000000718600000|  0%| F|  |TAMS 0x0000000718400000, 0x0000000718400000| Untracked 
| 168|0x0000000718600000, 0x0000000718600000, 0x0000000718800000|  0%| F|  |TAMS 0x0000000718600000, 0x0000000718600000| Untracked 
| 169|0x0000000718800000, 0x0000000718800000, 0x0000000718a00000|  0%| F|  |TAMS 0x0000000718800000, 0x0000000718800000| Untracked 
| 170|0x0000000718a00000, 0x0000000718a00000, 0x0000000718c00000|  0%| F|  |TAMS 0x0000000718a00000, 0x0000000718a00000| Untracked 
| 171|0x0000000718c00000, 0x0000000718c00000, 0x0000000718e00000|  0%| F|  |TAMS 0x0000000718c00000, 0x0000000718c00000| Untracked 
| 172|0x0000000718e00000, 0x0000000718e00000, 0x0000000719000000|  0%| F|  |TAMS 0x0000000718e00000, 0x0000000718e00000| Untracked 
| 173|0x0000000719000000, 0x0000000719000000, 0x0000000719200000|  0%| F|  |TAMS 0x0000000719000000, 0x0000000719000000| Untracked 
| 174|0x0000000719200000, 0x0000000719200000, 0x0000000719400000|  0%| F|  |TAMS 0x0000000719200000, 0x0000000719200000| Untracked 
| 175|0x0000000719400000, 0x0000000719400000, 0x0000000719600000|  0%| F|  |TAMS 0x0000000719400000, 0x0000000719400000| Untracked 
| 176|0x0000000719600000, 0x0000000719600000, 0x0000000719800000|  0%| F|  |TAMS 0x0000000719600000, 0x0000000719600000| Untracked 
| 177|0x0000000719800000, 0x0000000719800000, 0x0000000719a00000|  0%| F|  |TAMS 0x0000000719800000, 0x0000000719800000| Untracked 
| 178|0x0000000719a00000, 0x0000000719a00000, 0x0000000719c00000|  0%| F|  |TAMS 0x0000000719a00000, 0x0000000719a00000| Untracked 
| 179|0x0000000719c00000, 0x0000000719cea648, 0x0000000719e00000| 45%| S|CS|TAMS 0x0000000719c00000, 0x0000000719c00000| Complete 
| 180|0x0000000719e00000, 0x000000071a000000, 0x000000071a000000|100%| S|CS|TAMS 0x0000000719e00000, 0x0000000719e00000| Complete 
| 181|0x000000071a000000, 0x000000071a200000, 0x000000071a200000|100%| S|CS|TAMS 0x000000071a000000, 0x000000071a000000| Complete 
| 182|0x000000071a200000, 0x000000071a400000, 0x000000071a400000|100%| S|CS|TAMS 0x000000071a200000, 0x000000071a200000| Complete 
| 183|0x000000071a400000, 0x000000071a600000, 0x000000071a600000|100%| S|CS|TAMS 0x000000071a400000, 0x000000071a400000| Complete 
| 184|0x000000071a600000, 0x000000071a800000, 0x000000071a800000|100%| S|CS|TAMS 0x000000071a600000, 0x000000071a600000| Complete 
| 185|0x000000071a800000, 0x000000071aa00000, 0x000000071aa00000|100%| S|CS|TAMS 0x000000071a800000, 0x000000071a800000| Complete 
| 186|0x000000071aa00000, 0x000000071ac00000, 0x000000071ac00000|100%| S|CS|TAMS 0x000000071aa00000, 0x000000071aa00000| Complete 
| 187|0x000000071ac00000, 0x000000071ac00000, 0x000000071ae00000|  0%| F|  |TAMS 0x000000071ac00000, 0x000000071ac00000| Untracked 
| 188|0x000000071ae00000, 0x000000071ae00000, 0x000000071b000000|  0%| F|  |TAMS 0x000000071ae00000, 0x000000071ae00000| Untracked 
| 189|0x000000071b000000, 0x000000071b000000, 0x000000071b200000|  0%| F|  |TAMS 0x000000071b000000, 0x000000071b000000| Untracked 
| 190|0x000000071b200000, 0x000000071b200000, 0x000000071b400000|  0%| F|  |TAMS 0x000000071b200000, 0x000000071b200000| Untracked 
| 191|0x000000071b400000, 0x000000071b400000, 0x000000071b600000|  0%| F|  |TAMS 0x000000071b400000, 0x000000071b400000| Untracked 
| 192|0x000000071b600000, 0x000000071b600000, 0x000000071b800000|  0%| F|  |TAMS 0x000000071b600000, 0x000000071b600000| Untracked 
| 193|0x000000071b800000, 0x000000071b800000, 0x000000071ba00000|  0%| F|  |TAMS 0x000000071b800000, 0x000000071b800000| Untracked 
| 194|0x000000071ba00000, 0x000000071ba00000, 0x000000071bc00000|  0%| F|  |TAMS 0x000000071ba00000, 0x000000071ba00000| Untracked 
| 195|0x000000071bc00000, 0x000000071be00000, 0x000000071be00000|100%| S|CS|TAMS 0x000000071bc00000, 0x000000071bc00000| Complete 
| 196|0x000000071be00000, 0x000000071be00000, 0x000000071c000000|  0%| F|  |TAMS 0x000000071be00000, 0x000000071be00000| Untracked 
| 197|0x000000071c000000, 0x000000071c000000, 0x000000071c200000|  0%| F|  |TAMS 0x000000071c000000, 0x000000071c000000| Untracked 
| 198|0x000000071c200000, 0x000000071c200000, 0x000000071c400000|  0%| F|  |TAMS 0x000000071c200000, 0x000000071c200000| Untracked 
| 199|0x000000071c400000, 0x000000071c400000, 0x000000071c600000|  0%| F|  |TAMS 0x000000071c400000, 0x000000071c400000| Untracked 
| 200|0x000000071c600000, 0x000000071c600000, 0x000000071c800000|  0%| F|  |TAMS 0x000000071c600000, 0x000000071c600000| Untracked 
| 201|0x000000071c800000, 0x000000071c800000, 0x000000071ca00000|  0%| F|  |TAMS 0x000000071c800000, 0x000000071c800000| Untracked 
| 202|0x000000071ca00000, 0x000000071ca00000, 0x000000071cc00000|  0%| F|  |TAMS 0x000000071ca00000, 0x000000071ca00000| Untracked 
| 203|0x000000071cc00000, 0x000000071cc00000, 0x000000071ce00000|  0%| F|  |TAMS 0x000000071cc00000, 0x000000071cc00000| Untracked 
| 204|0x000000071ce00000, 0x000000071ce00000, 0x000000071d000000|  0%| F|  |TAMS 0x000000071ce00000, 0x000000071ce00000| Untracked 
| 205|0x000000071d000000, 0x000000071d000000, 0x000000071d200000|  0%| F|  |TAMS 0x000000071d000000, 0x000000071d000000| Untracked 
| 206|0x000000071d200000, 0x000000071d200000, 0x000000071d400000|  0%| F|  |TAMS 0x000000071d200000, 0x000000071d200000| Untracked 
| 207|0x000000071d400000, 0x000000071d400000, 0x000000071d600000|  0%| F|  |TAMS 0x000000071d400000, 0x000000071d400000| Untracked 
| 208|0x000000071d600000, 0x000000071d600000, 0x000000071d800000|  0%| F|  |TAMS 0x000000071d600000, 0x000000071d600000| Untracked 
| 209|0x000000071d800000, 0x000000071d800000, 0x000000071da00000|  0%| F|  |TAMS 0x000000071d800000, 0x000000071d800000| Untracked 
| 210|0x000000071da00000, 0x000000071da00000, 0x000000071dc00000|  0%| F|  |TAMS 0x000000071da00000, 0x000000071da00000| Untracked 
| 211|0x000000071dc00000, 0x000000071dc00000, 0x000000071de00000|  0%| F|  |TAMS 0x000000071dc00000, 0x000000071dc00000| Untracked 
| 212|0x000000071de00000, 0x000000071de00000, 0x000000071e000000|  0%| F|  |TAMS 0x000000071de00000, 0x000000071de00000| Untracked 
| 213|0x000000071e000000, 0x000000071e000000, 0x000000071e200000|  0%| F|  |TAMS 0x000000071e000000, 0x000000071e000000| Untracked 
| 214|0x000000071e200000, 0x000000071e200000, 0x000000071e400000|  0%| F|  |TAMS 0x000000071e200000, 0x000000071e200000| Untracked 
| 215|0x000000071e400000, 0x000000071e400000, 0x000000071e600000|  0%| F|  |TAMS 0x000000071e400000, 0x000000071e400000| Untracked 
| 216|0x000000071e600000, 0x000000071e600000, 0x000000071e800000|  0%| F|  |TAMS 0x000000071e600000, 0x000000071e600000| Untracked 
| 217|0x000000071e800000, 0x000000071e800000, 0x000000071ea00000|  0%| F|  |TAMS 0x000000071e800000, 0x000000071e800000| Untracked 
| 218|0x000000071ea00000, 0x000000071ea00000, 0x000000071ec00000|  0%| F|  |TAMS 0x000000071ea00000, 0x000000071ea00000| Untracked 
| 219|0x000000071ec00000, 0x000000071ec00000, 0x000000071ee00000|  0%| F|  |TAMS 0x000000071ec00000, 0x000000071ec00000| Untracked 
| 220|0x000000071ee00000, 0x000000071ee00000, 0x000000071f000000|  0%| F|  |TAMS 0x000000071ee00000, 0x000000071ee00000| Untracked 
| 221|0x000000071f000000, 0x000000071f000000, 0x000000071f200000|  0%| F|  |TAMS 0x000000071f000000, 0x000000071f000000| Untracked 
| 222|0x000000071f200000, 0x000000071f200000, 0x000000071f400000|  0%| F|  |TAMS 0x000000071f200000, 0x000000071f200000| Untracked 
| 223|0x000000071f400000, 0x000000071f400000, 0x000000071f600000|  0%| F|  |TAMS 0x000000071f400000, 0x000000071f400000| Untracked 
| 224|0x000000071f600000, 0x000000071f600000, 0x000000071f800000|  0%| F|  |TAMS 0x000000071f600000, 0x000000071f600000| Untracked 
| 225|0x000000071f800000, 0x000000071f800000, 0x000000071fa00000|  0%| F|  |TAMS 0x000000071f800000, 0x000000071f800000| Untracked 
| 226|0x000000071fa00000, 0x000000071fa00000, 0x000000071fc00000|  0%| F|  |TAMS 0x000000071fa00000, 0x000000071fa00000| Untracked 
| 227|0x000000071fc00000, 0x000000071fc00000, 0x000000071fe00000|  0%| F|  |TAMS 0x000000071fc00000, 0x000000071fc00000| Untracked 
| 228|0x000000071fe00000, 0x000000071fe00000, 0x0000000720000000|  0%| F|  |TAMS 0x000000071fe00000, 0x000000071fe00000| Untracked 
| 229|0x0000000720000000, 0x0000000720000000, 0x0000000720200000|  0%| F|  |TAMS 0x0000000720000000, 0x0000000720000000| Untracked 
| 230|0x0000000720200000, 0x0000000720200000, 0x0000000720400000|  0%| F|  |TAMS 0x0000000720200000, 0x0000000720200000| Untracked 
| 231|0x0000000720400000, 0x0000000720400000, 0x0000000720600000|  0%| F|  |TAMS 0x0000000720400000, 0x0000000720400000| Untracked 
| 232|0x0000000720600000, 0x0000000720600000, 0x0000000720800000|  0%| F|  |TAMS 0x0000000720600000, 0x0000000720600000| Untracked 
| 233|0x0000000720800000, 0x0000000720800000, 0x0000000720a00000|  0%| F|  |TAMS 0x0000000720800000, 0x0000000720800000| Untracked 
| 234|0x0000000720a00000, 0x0000000720a00000, 0x0000000720c00000|  0%| F|  |TAMS 0x0000000720a00000, 0x0000000720a00000| Untracked 
| 235|0x0000000720c00000, 0x0000000720c00000, 0x0000000720e00000|  0%| F|  |TAMS 0x0000000720c00000, 0x0000000720c00000| Untracked 
| 236|0x0000000720e00000, 0x0000000720e00000, 0x0000000721000000|  0%| F|  |TAMS 0x0000000720e00000, 0x0000000720e00000| Untracked 
| 237|0x0000000721000000, 0x0000000721000000, 0x0000000721200000|  0%| F|  |TAMS 0x0000000721000000, 0x0000000721000000| Untracked 
| 238|0x0000000721200000, 0x0000000721200000, 0x0000000721400000|  0%| F|  |TAMS 0x0000000721200000, 0x0000000721200000| Untracked 
| 239|0x0000000721400000, 0x0000000721400000, 0x0000000721600000|  0%| F|  |TAMS 0x0000000721400000, 0x0000000721400000| Untracked 
| 240|0x0000000721600000, 0x0000000721600000, 0x0000000721800000|  0%| F|  |TAMS 0x0000000721600000, 0x0000000721600000| Untracked 
| 241|0x0000000721800000, 0x0000000721800000, 0x0000000721a00000|  0%| F|  |TAMS 0x0000000721800000, 0x0000000721800000| Untracked 
| 242|0x0000000721a00000, 0x0000000721a00000, 0x0000000721c00000|  0%| F|  |TAMS 0x0000000721a00000, 0x0000000721a00000| Untracked 
| 243|0x0000000721c00000, 0x0000000721c00000, 0x0000000721e00000|  0%| F|  |TAMS 0x0000000721c00000, 0x0000000721c00000| Untracked 
| 244|0x0000000721e00000, 0x0000000721e00000, 0x0000000722000000|  0%| F|  |TAMS 0x0000000721e00000, 0x0000000721e00000| Untracked 
| 245|0x0000000722000000, 0x0000000722000000, 0x0000000722200000|  0%| F|  |TAMS 0x0000000722000000, 0x0000000722000000| Untracked 
| 246|0x0000000722200000, 0x0000000722200000, 0x0000000722400000|  0%| F|  |TAMS 0x0000000722200000, 0x0000000722200000| Untracked 
| 247|0x0000000722400000, 0x0000000722400000, 0x0000000722600000|  0%| F|  |TAMS 0x0000000722400000, 0x0000000722400000| Untracked 
| 248|0x0000000722600000, 0x0000000722600000, 0x0000000722800000|  0%| F|  |TAMS 0x0000000722600000, 0x0000000722600000| Untracked 
| 249|0x0000000722800000, 0x0000000722800000, 0x0000000722a00000|  0%| F|  |TAMS 0x0000000722800000, 0x0000000722800000| Untracked 
| 250|0x0000000722a00000, 0x0000000722a00000, 0x0000000722c00000|  0%| F|  |TAMS 0x0000000722a00000, 0x0000000722a00000| Untracked 
| 251|0x0000000722c00000, 0x0000000722c00000, 0x0000000722e00000|  0%| F|  |TAMS 0x0000000722c00000, 0x0000000722c00000| Untracked 
| 252|0x0000000722e00000, 0x0000000722e00000, 0x0000000723000000|  0%| F|  |TAMS 0x0000000722e00000, 0x0000000722e00000| Untracked 
| 253|0x0000000723000000, 0x0000000723000000, 0x0000000723200000|  0%| F|  |TAMS 0x0000000723000000, 0x0000000723000000| Untracked 
| 254|0x0000000723200000, 0x0000000723200000, 0x0000000723400000|  0%| F|  |TAMS 0x0000000723200000, 0x0000000723200000| Untracked 
| 255|0x0000000723400000, 0x0000000723400000, 0x0000000723600000|  0%| F|  |TAMS 0x0000000723400000, 0x0000000723400000| Untracked 
| 256|0x0000000723600000, 0x0000000723600000, 0x0000000723800000|  0%| F|  |TAMS 0x0000000723600000, 0x0000000723600000| Untracked 
| 257|0x0000000723800000, 0x0000000723800000, 0x0000000723a00000|  0%| F|  |TAMS 0x0000000723800000, 0x0000000723800000| Untracked 
| 258|0x0000000723a00000, 0x0000000723a00000, 0x0000000723c00000|  0%| F|  |TAMS 0x0000000723a00000, 0x0000000723a00000| Untracked 
| 259|0x0000000723c00000, 0x0000000723c00000, 0x0000000723e00000|  0%| F|  |TAMS 0x0000000723c00000, 0x0000000723c00000| Untracked 
| 260|0x0000000723e00000, 0x0000000723e00000, 0x0000000724000000|  0%| F|  |TAMS 0x0000000723e00000, 0x0000000723e00000| Untracked 
| 261|0x0000000724000000, 0x0000000724000000, 0x0000000724200000|  0%| F|  |TAMS 0x0000000724000000, 0x0000000724000000| Untracked 
| 262|0x0000000724200000, 0x0000000724200000, 0x0000000724400000|  0%| F|  |TAMS 0x0000000724200000, 0x0000000724200000| Untracked 
| 263|0x0000000724400000, 0x0000000724400000, 0x0000000724600000|  0%| F|  |TAMS 0x0000000724400000, 0x0000000724400000| Untracked 
| 264|0x0000000724600000, 0x0000000724600000, 0x0000000724800000|  0%| F|  |TAMS 0x0000000724600000, 0x0000000724600000| Untracked 
| 265|0x0000000724800000, 0x0000000724800000, 0x0000000724a00000|  0%| F|  |TAMS 0x0000000724800000, 0x0000000724800000| Untracked 
| 266|0x0000000724a00000, 0x0000000724a00000, 0x0000000724c00000|  0%| F|  |TAMS 0x0000000724a00000, 0x0000000724a00000| Untracked 
| 267|0x0000000724c00000, 0x0000000724c00000, 0x0000000724e00000|  0%| F|  |TAMS 0x0000000724c00000, 0x0000000724c00000| Untracked 
| 268|0x0000000724e00000, 0x0000000724e00000, 0x0000000725000000|  0%| F|  |TAMS 0x0000000724e00000, 0x0000000724e00000| Untracked 
| 269|0x0000000725000000, 0x0000000725000000, 0x0000000725200000|  0%| F|  |TAMS 0x0000000725000000, 0x0000000725000000| Untracked 
| 270|0x0000000725200000, 0x0000000725200000, 0x0000000725400000|  0%| F|  |TAMS 0x0000000725200000, 0x0000000725200000| Untracked 
| 271|0x0000000725400000, 0x0000000725400000, 0x0000000725600000|  0%| F|  |TAMS 0x0000000725400000, 0x0000000725400000| Untracked 
| 272|0x0000000725600000, 0x0000000725600000, 0x0000000725800000|  0%| F|  |TAMS 0x0000000725600000, 0x0000000725600000| Untracked 
| 273|0x0000000725800000, 0x0000000725800000, 0x0000000725a00000|  0%| F|  |TAMS 0x0000000725800000, 0x0000000725800000| Untracked 
| 274|0x0000000725a00000, 0x0000000725a00000, 0x0000000725c00000|  0%| F|  |TAMS 0x0000000725a00000, 0x0000000725a00000| Untracked 
| 275|0x0000000725c00000, 0x0000000725c00000, 0x0000000725e00000|  0%| F|  |TAMS 0x0000000725c00000, 0x0000000725c00000| Untracked 
| 276|0x0000000725e00000, 0x0000000725e00000, 0x0000000726000000|  0%| F|  |TAMS 0x0000000725e00000, 0x0000000725e00000| Untracked 
| 277|0x0000000726000000, 0x0000000726000000, 0x0000000726200000|  0%| F|  |TAMS 0x0000000726000000, 0x0000000726000000| Untracked 
| 278|0x0000000726200000, 0x0000000726200000, 0x0000000726400000|  0%| F|  |TAMS 0x0000000726200000, 0x0000000726200000| Untracked 
| 279|0x0000000726400000, 0x0000000726400000, 0x0000000726600000|  0%| F|  |TAMS 0x0000000726400000, 0x0000000726400000| Untracked 
| 280|0x0000000726600000, 0x0000000726600000, 0x0000000726800000|  0%| F|  |TAMS 0x0000000726600000, 0x0000000726600000| Untracked 
| 281|0x0000000726800000, 0x0000000726800000, 0x0000000726a00000|  0%| F|  |TAMS 0x0000000726800000, 0x0000000726800000| Untracked 
| 282|0x0000000726a00000, 0x0000000726a00000, 0x0000000726c00000|  0%| F|  |TAMS 0x0000000726a00000, 0x0000000726a00000| Untracked 
| 283|0x0000000726c00000, 0x0000000726c00000, 0x0000000726e00000|  0%| F|  |TAMS 0x0000000726c00000, 0x0000000726c00000| Untracked 
| 284|0x0000000726e00000, 0x0000000726e00000, 0x0000000727000000|  0%| F|  |TAMS 0x0000000726e00000, 0x0000000726e00000| Untracked 
| 285|0x0000000727000000, 0x0000000727000000, 0x0000000727200000|  0%| F|  |TAMS 0x0000000727000000, 0x0000000727000000| Untracked 
| 286|0x0000000727200000, 0x0000000727200000, 0x0000000727400000|  0%| F|  |TAMS 0x0000000727200000, 0x0000000727200000| Untracked 
| 287|0x0000000727400000, 0x0000000727400000, 0x0000000727600000|  0%| F|  |TAMS 0x0000000727400000, 0x0000000727400000| Untracked 
| 288|0x0000000727600000, 0x0000000727600000, 0x0000000727800000|  0%| F|  |TAMS 0x0000000727600000, 0x0000000727600000| Untracked 
| 289|0x0000000727800000, 0x0000000727800000, 0x0000000727a00000|  0%| F|  |TAMS 0x0000000727800000, 0x0000000727800000| Untracked 
| 290|0x0000000727a00000, 0x0000000727a00000, 0x0000000727c00000|  0%| F|  |TAMS 0x0000000727a00000, 0x0000000727a00000| Untracked 
| 291|0x0000000727c00000, 0x0000000727c00000, 0x0000000727e00000|  0%| F|  |TAMS 0x0000000727c00000, 0x0000000727c00000| Untracked 
| 292|0x0000000727e00000, 0x0000000727e00000, 0x0000000728000000|  0%| F|  |TAMS 0x0000000727e00000, 0x0000000727e00000| Untracked 
| 293|0x0000000728000000, 0x0000000728000000, 0x0000000728200000|  0%| F|  |TAMS 0x0000000728000000, 0x0000000728000000| Untracked 
| 294|0x0000000728200000, 0x0000000728200000, 0x0000000728400000|  0%| F|  |TAMS 0x0000000728200000, 0x0000000728200000| Untracked 
| 295|0x0000000728400000, 0x0000000728400000, 0x0000000728600000|  0%| F|  |TAMS 0x0000000728400000, 0x0000000728400000| Untracked 
| 296|0x0000000728600000, 0x0000000728600000, 0x0000000728800000|  0%| F|  |TAMS 0x0000000728600000, 0x0000000728600000| Untracked 
| 297|0x0000000728800000, 0x0000000728800000, 0x0000000728a00000|  0%| F|  |TAMS 0x0000000728800000, 0x0000000728800000| Untracked 
| 298|0x0000000728a00000, 0x0000000728a00000, 0x0000000728c00000|  0%| F|  |TAMS 0x0000000728a00000, 0x0000000728a00000| Untracked 
| 299|0x0000000728c00000, 0x0000000728c00000, 0x0000000728e00000|  0%| F|  |TAMS 0x0000000728c00000, 0x0000000728c00000| Untracked 
| 300|0x0000000728e00000, 0x0000000728e00000, 0x0000000729000000|  0%| F|  |TAMS 0x0000000728e00000, 0x0000000728e00000| Untracked 
| 301|0x0000000729000000, 0x0000000729000000, 0x0000000729200000|  0%| F|  |TAMS 0x0000000729000000, 0x0000000729000000| Untracked 
| 302|0x0000000729200000, 0x0000000729200000, 0x0000000729400000|  0%| F|  |TAMS 0x0000000729200000, 0x0000000729200000| Untracked 
| 303|0x0000000729400000, 0x0000000729400000, 0x0000000729600000|  0%| F|  |TAMS 0x0000000729400000, 0x0000000729400000| Untracked 
| 304|0x0000000729600000, 0x0000000729600000, 0x0000000729800000|  0%| F|  |TAMS 0x0000000729600000, 0x0000000729600000| Untracked 
| 305|0x0000000729800000, 0x0000000729800000, 0x0000000729a00000|  0%| F|  |TAMS 0x0000000729800000, 0x0000000729800000| Untracked 
| 306|0x0000000729a00000, 0x0000000729a00000, 0x0000000729c00000|  0%| F|  |TAMS 0x0000000729a00000, 0x0000000729a00000| Untracked 
| 307|0x0000000729c00000, 0x0000000729c00000, 0x0000000729e00000|  0%| F|  |TAMS 0x0000000729c00000, 0x0000000729c00000| Untracked 
| 308|0x0000000729e00000, 0x0000000729e00000, 0x000000072a000000|  0%| F|  |TAMS 0x0000000729e00000, 0x0000000729e00000| Untracked 
| 309|0x000000072a000000, 0x000000072a000000, 0x000000072a200000|  0%| F|  |TAMS 0x000000072a000000, 0x000000072a000000| Untracked 
| 310|0x000000072a200000, 0x000000072a200000, 0x000000072a400000|  0%| F|  |TAMS 0x000000072a200000, 0x000000072a200000| Untracked 
| 311|0x000000072a400000, 0x000000072a400000, 0x000000072a600000|  0%| F|  |TAMS 0x000000072a400000, 0x000000072a400000| Untracked 
| 312|0x000000072a600000, 0x000000072a600000, 0x000000072a800000|  0%| F|  |TAMS 0x000000072a600000, 0x000000072a600000| Untracked 
| 313|0x000000072a800000, 0x000000072a800000, 0x000000072aa00000|  0%| F|  |TAMS 0x000000072a800000, 0x000000072a800000| Untracked 
| 314|0x000000072aa00000, 0x000000072aa00000, 0x000000072ac00000|  0%| F|  |TAMS 0x000000072aa00000, 0x000000072aa00000| Untracked 
| 315|0x000000072ac00000, 0x000000072ac00000, 0x000000072ae00000|  0%| F|  |TAMS 0x000000072ac00000, 0x000000072ac00000| Untracked 
| 316|0x000000072ae00000, 0x000000072ae00000, 0x000000072b000000|  0%| F|  |TAMS 0x000000072ae00000, 0x000000072ae00000| Untracked 
| 317|0x000000072b000000, 0x000000072b000000, 0x000000072b200000|  0%| F|  |TAMS 0x000000072b000000, 0x000000072b000000| Untracked 
| 318|0x000000072b200000, 0x000000072b200000, 0x000000072b400000|  0%| F|  |TAMS 0x000000072b200000, 0x000000072b200000| Untracked 
| 319|0x000000072b400000, 0x000000072b400000, 0x000000072b600000|  0%| F|  |TAMS 0x000000072b400000, 0x000000072b400000| Untracked 
| 320|0x000000072b600000, 0x000000072b600000, 0x000000072b800000|  0%| F|  |TAMS 0x000000072b600000, 0x000000072b600000| Untracked 
| 321|0x000000072b800000, 0x000000072b800000, 0x000000072ba00000|  0%| F|  |TAMS 0x000000072b800000, 0x000000072b800000| Untracked 
| 322|0x000000072ba00000, 0x000000072ba00000, 0x000000072bc00000|  0%| F|  |TAMS 0x000000072ba00000, 0x000000072ba00000| Untracked 
| 323|0x000000072bc00000, 0x000000072bc00000, 0x000000072be00000|  0%| F|  |TAMS 0x000000072bc00000, 0x000000072bc00000| Untracked 
| 324|0x000000072be00000, 0x000000072be00000, 0x000000072c000000|  0%| F|  |TAMS 0x000000072be00000, 0x000000072be00000| Untracked 
| 325|0x000000072c000000, 0x000000072c000000, 0x000000072c200000|  0%| F|  |TAMS 0x000000072c000000, 0x000000072c000000| Untracked 
| 326|0x000000072c200000, 0x000000072c200000, 0x000000072c400000|  0%| F|  |TAMS 0x000000072c200000, 0x000000072c200000| Untracked 
| 327|0x000000072c400000, 0x000000072c400000, 0x000000072c600000|  0%| F|  |TAMS 0x000000072c400000, 0x000000072c400000| Untracked 
| 328|0x000000072c600000, 0x000000072c600000, 0x000000072c800000|  0%| F|  |TAMS 0x000000072c600000, 0x000000072c600000| Untracked 
| 329|0x000000072c800000, 0x000000072c800000, 0x000000072ca00000|  0%| F|  |TAMS 0x000000072c800000, 0x000000072c800000| Untracked 
| 330|0x000000072ca00000, 0x000000072ca00000, 0x000000072cc00000|  0%| F|  |TAMS 0x000000072ca00000, 0x000000072ca00000| Untracked 
| 331|0x000000072cc00000, 0x000000072cc00000, 0x000000072ce00000|  0%| F|  |TAMS 0x000000072cc00000, 0x000000072cc00000| Untracked 
| 332|0x000000072ce00000, 0x000000072ce00000, 0x000000072d000000|  0%| F|  |TAMS 0x000000072ce00000, 0x000000072ce00000| Untracked 
| 333|0x000000072d000000, 0x000000072d000000, 0x000000072d200000|  0%| F|  |TAMS 0x000000072d000000, 0x000000072d000000| Untracked 
| 334|0x000000072d200000, 0x000000072d200000, 0x000000072d400000|  0%| F|  |TAMS 0x000000072d200000, 0x000000072d200000| Untracked 
| 335|0x000000072d400000, 0x000000072d400000, 0x000000072d600000|  0%| F|  |TAMS 0x000000072d400000, 0x000000072d400000| Untracked 
| 336|0x000000072d600000, 0x000000072d600000, 0x000000072d800000|  0%| F|  |TAMS 0x000000072d600000, 0x000000072d600000| Untracked 
| 337|0x000000072d800000, 0x000000072d800000, 0x000000072da00000|  0%| F|  |TAMS 0x000000072d800000, 0x000000072d800000| Untracked 
| 338|0x000000072da00000, 0x000000072da00000, 0x000000072dc00000|  0%| F|  |TAMS 0x000000072da00000, 0x000000072da00000| Untracked 
| 339|0x000000072dc00000, 0x000000072dc00000, 0x000000072de00000|  0%| F|  |TAMS 0x000000072dc00000, 0x000000072dc00000| Untracked 
| 340|0x000000072de00000, 0x000000072de00000, 0x000000072e000000|  0%| F|  |TAMS 0x000000072de00000, 0x000000072de00000| Untracked 
| 341|0x000000072e000000, 0x000000072e000000, 0x000000072e200000|  0%| F|  |TAMS 0x000000072e000000, 0x000000072e000000| Untracked 
| 342|0x000000072e200000, 0x000000072e200000, 0x000000072e400000|  0%| F|  |TAMS 0x000000072e200000, 0x000000072e200000| Untracked 
| 343|0x000000072e400000, 0x000000072e400000, 0x000000072e600000|  0%| F|  |TAMS 0x000000072e400000, 0x000000072e400000| Untracked 
| 344|0x000000072e600000, 0x000000072e600000, 0x000000072e800000|  0%| F|  |TAMS 0x000000072e600000, 0x000000072e600000| Untracked 
| 345|0x000000072e800000, 0x000000072e800000, 0x000000072ea00000|  0%| F|  |TAMS 0x000000072e800000, 0x000000072e800000| Untracked 
| 346|0x000000072ea00000, 0x000000072ea00000, 0x000000072ec00000|  0%| F|  |TAMS 0x000000072ea00000, 0x000000072ea00000| Untracked 
| 347|0x000000072ec00000, 0x000000072ec00000, 0x000000072ee00000|  0%| F|  |TAMS 0x000000072ec00000, 0x000000072ec00000| Untracked 
| 348|0x000000072ee00000, 0x000000072ee00000, 0x000000072f000000|  0%| F|  |TAMS 0x000000072ee00000, 0x000000072ee00000| Untracked 
| 349|0x000000072f000000, 0x000000072f000000, 0x000000072f200000|  0%| F|  |TAMS 0x000000072f000000, 0x000000072f000000| Untracked 
| 350|0x000000072f200000, 0x000000072f200000, 0x000000072f400000|  0%| F|  |TAMS 0x000000072f200000, 0x000000072f200000| Untracked 
| 351|0x000000072f400000, 0x000000072f400000, 0x000000072f600000|  0%| F|  |TAMS 0x000000072f400000, 0x000000072f400000| Untracked 
| 352|0x000000072f600000, 0x000000072f600000, 0x000000072f800000|  0%| F|  |TAMS 0x000000072f600000, 0x000000072f600000| Untracked 
| 353|0x000000072f800000, 0x000000072f800000, 0x000000072fa00000|  0%| F|  |TAMS 0x000000072f800000, 0x000000072f800000| Untracked 
| 354|0x000000072fa00000, 0x000000072fa00000, 0x000000072fc00000|  0%| F|  |TAMS 0x000000072fa00000, 0x000000072fa00000| Untracked 
| 355|0x000000072fc00000, 0x000000072fc00000, 0x000000072fe00000|  0%| F|  |TAMS 0x000000072fc00000, 0x000000072fc00000| Untracked 
| 356|0x000000072fe00000, 0x000000072fe00000, 0x0000000730000000|  0%| F|  |TAMS 0x000000072fe00000, 0x000000072fe00000| Untracked 
| 357|0x0000000730000000, 0x0000000730000000, 0x0000000730200000|  0%| F|  |TAMS 0x0000000730000000, 0x0000000730000000| Untracked 
| 358|0x0000000730200000, 0x0000000730200000, 0x0000000730400000|  0%| F|  |TAMS 0x0000000730200000, 0x0000000730200000| Untracked 
| 359|0x0000000730400000, 0x0000000730400000, 0x0000000730600000|  0%| F|  |TAMS 0x0000000730400000, 0x0000000730400000| Untracked 
| 360|0x0000000730600000, 0x0000000730600000, 0x0000000730800000|  0%| F|  |TAMS 0x0000000730600000, 0x0000000730600000| Untracked 
| 361|0x0000000730800000, 0x0000000730800000, 0x0000000730a00000|  0%| F|  |TAMS 0x0000000730800000, 0x0000000730800000| Untracked 
| 362|0x0000000730a00000, 0x0000000730a00000, 0x0000000730c00000|  0%| F|  |TAMS 0x0000000730a00000, 0x0000000730a00000| Untracked 
| 363|0x0000000730c00000, 0x0000000730c00000, 0x0000000730e00000|  0%| F|  |TAMS 0x0000000730c00000, 0x0000000730c00000| Untracked 
| 364|0x0000000730e00000, 0x0000000730e00000, 0x0000000731000000|  0%| F|  |TAMS 0x0000000730e00000, 0x0000000730e00000| Untracked 
| 365|0x0000000731000000, 0x0000000731000000, 0x0000000731200000|  0%| F|  |TAMS 0x0000000731000000, 0x0000000731000000| Untracked 
| 366|0x0000000731200000, 0x0000000731200000, 0x0000000731400000|  0%| F|  |TAMS 0x0000000731200000, 0x0000000731200000| Untracked 
| 367|0x0000000731400000, 0x0000000731400000, 0x0000000731600000|  0%| F|  |TAMS 0x0000000731400000, 0x0000000731400000| Untracked 
| 368|0x0000000731600000, 0x0000000731600000, 0x0000000731800000|  0%| F|  |TAMS 0x0000000731600000, 0x0000000731600000| Untracked 
| 369|0x0000000731800000, 0x0000000731800000, 0x0000000731a00000|  0%| F|  |TAMS 0x0000000731800000, 0x0000000731800000| Untracked 
| 370|0x0000000731a00000, 0x0000000731a00000, 0x0000000731c00000|  0%| F|  |TAMS 0x0000000731a00000, 0x0000000731a00000| Untracked 
| 371|0x0000000731c00000, 0x0000000731c00000, 0x0000000731e00000|  0%| F|  |TAMS 0x0000000731c00000, 0x0000000731c00000| Untracked 
| 372|0x0000000731e00000, 0x0000000731e00000, 0x0000000732000000|  0%| F|  |TAMS 0x0000000731e00000, 0x0000000731e00000| Untracked 
| 373|0x0000000732000000, 0x0000000732000000, 0x0000000732200000|  0%| F|  |TAMS 0x0000000732000000, 0x0000000732000000| Untracked 
| 374|0x0000000732200000, 0x0000000732200000, 0x0000000732400000|  0%| F|  |TAMS 0x0000000732200000, 0x0000000732200000| Untracked 
| 375|0x0000000732400000, 0x0000000732400000, 0x0000000732600000|  0%| F|  |TAMS 0x0000000732400000, 0x0000000732400000| Untracked 
| 376|0x0000000732600000, 0x0000000732600000, 0x0000000732800000|  0%| F|  |TAMS 0x0000000732600000, 0x0000000732600000| Untracked 
| 377|0x0000000732800000, 0x0000000732800000, 0x0000000732a00000|  0%| F|  |TAMS 0x0000000732800000, 0x0000000732800000| Untracked 
| 378|0x0000000732a00000, 0x0000000732a00000, 0x0000000732c00000|  0%| F|  |TAMS 0x0000000732a00000, 0x0000000732a00000| Untracked 
| 379|0x0000000732c00000, 0x0000000732c00000, 0x0000000732e00000|  0%| F|  |TAMS 0x0000000732c00000, 0x0000000732c00000| Untracked 
| 380|0x0000000732e00000, 0x0000000732e00000, 0x0000000733000000|  0%| F|  |TAMS 0x0000000732e00000, 0x0000000732e00000| Untracked 
| 381|0x0000000733000000, 0x0000000733000000, 0x0000000733200000|  0%| F|  |TAMS 0x0000000733000000, 0x0000000733000000| Untracked 
| 382|0x0000000733200000, 0x0000000733200000, 0x0000000733400000|  0%| F|  |TAMS 0x0000000733200000, 0x0000000733200000| Untracked 
| 383|0x0000000733400000, 0x0000000733400000, 0x0000000733600000|  0%| F|  |TAMS 0x0000000733400000, 0x0000000733400000| Untracked 
| 384|0x0000000733600000, 0x0000000733600000, 0x0000000733800000|  0%| F|  |TAMS 0x0000000733600000, 0x0000000733600000| Untracked 
| 385|0x0000000733800000, 0x0000000733800000, 0x0000000733a00000|  0%| F|  |TAMS 0x0000000733800000, 0x0000000733800000| Untracked 
| 386|0x0000000733a00000, 0x0000000733a00000, 0x0000000733c00000|  0%| F|  |TAMS 0x0000000733a00000, 0x0000000733a00000| Untracked 
| 387|0x0000000733c00000, 0x0000000733c00000, 0x0000000733e00000|  0%| F|  |TAMS 0x0000000733c00000, 0x0000000733c00000| Untracked 
| 388|0x0000000733e00000, 0x0000000733e00000, 0x0000000734000000|  0%| F|  |TAMS 0x0000000733e00000, 0x0000000733e00000| Untracked 
| 396|0x0000000734e00000, 0x0000000734e00000, 0x0000000735000000|  0%| F|  |TAMS 0x0000000734e00000, 0x0000000734e00000| Untracked 
| 397|0x0000000735000000, 0x0000000735000000, 0x0000000735200000|  0%| F|  |TAMS 0x0000000735000000, 0x0000000735000000| Untracked 
| 398|0x0000000735200000, 0x0000000735200000, 0x0000000735400000|  0%| F|  |TAMS 0x0000000735200000, 0x0000000735200000| Untracked 
| 399|0x0000000735400000, 0x0000000735400000, 0x0000000735600000|  0%| F|  |TAMS 0x0000000735400000, 0x0000000735400000| Untracked 
| 400|0x0000000735600000, 0x0000000735600000, 0x0000000735800000|  0%| F|  |TAMS 0x0000000735600000, 0x0000000735600000| Untracked 
| 401|0x0000000735800000, 0x0000000735800000, 0x0000000735a00000|  0%| F|  |TAMS 0x0000000735800000, 0x0000000735800000| Untracked 
| 402|0x0000000735a00000, 0x0000000735a00000, 0x0000000735c00000|  0%| F|  |TAMS 0x0000000735a00000, 0x0000000735a00000| Untracked 
| 403|0x0000000735c00000, 0x0000000735c00000, 0x0000000735e00000|  0%| F|  |TAMS 0x0000000735c00000, 0x0000000735c00000| Untracked 
| 404|0x0000000735e00000, 0x0000000735e00000, 0x0000000736000000|  0%| F|  |TAMS 0x0000000735e00000, 0x0000000735e00000| Untracked 
| 405|0x0000000736000000, 0x0000000736000000, 0x0000000736200000|  0%| F|  |TAMS 0x0000000736000000, 0x0000000736000000| Untracked 
| 406|0x0000000736200000, 0x0000000736200000, 0x0000000736400000|  0%| F|  |TAMS 0x0000000736200000, 0x0000000736200000| Untracked 
| 407|0x0000000736400000, 0x0000000736400000, 0x0000000736600000|  0%| F|  |TAMS 0x0000000736400000, 0x0000000736400000| Untracked 
| 408|0x0000000736600000, 0x0000000736600000, 0x0000000736800000|  0%| F|  |TAMS 0x0000000736600000, 0x0000000736600000| Untracked 
| 409|0x0000000736800000, 0x0000000736800000, 0x0000000736a00000|  0%| F|  |TAMS 0x0000000736800000, 0x0000000736800000| Untracked 
| 410|0x0000000736a00000, 0x0000000736b00800, 0x0000000736c00000| 50%| E|  |TAMS 0x0000000736a00000, 0x0000000736a00000| Complete 
| 411|0x0000000736c00000, 0x0000000736e00000, 0x0000000736e00000|100%| E|CS|TAMS 0x0000000736c00000, 0x0000000736c00000| Complete 
| 412|0x0000000736e00000, 0x0000000737000000, 0x0000000737000000|100%| E|CS|TAMS 0x0000000736e00000, 0x0000000736e00000| Complete 
| 413|0x0000000737000000, 0x0000000737200000, 0x0000000737200000|100%| E|CS|TAMS 0x0000000737000000, 0x0000000737000000| Complete 

Card table byte_map: [0x00000171a9d70000,0x00000171aa560000] _byte_map_base: 0x00000171a6555000

Marking Bits (Prev, Next): (CMBitMap*) 0x0000017192a95e10, (CMBitMap*) 0x0000017192a95dd0
 Prev Bits: [0x00000171aec80000, 0x00000171b2ba8000)
 Next Bits: [0x00000171aad50000, 0x00000171aec78000)

Polling page: 0x0000017192220000

Metaspace:

Usage:
  Non-class:     24.95 MB used.
      Class:      2.92 MB used.
       Both:     27.87 MB used.

Virtual space:
  Non-class space:       32.00 MB reserved,      25.12 MB ( 79%) committed,  4 nodes.
      Class space:        1.00 GB reserved,       3.06 MB ( <1%) committed,  1 nodes.
             Both:        1.03 GB reserved,      28.19 MB (  3%) committed. 

Chunk freelists:
   Non-Class:  2.61 MB
       Class:  969.00 KB
        Both:  3.56 MB

MaxMetaspaceSize: unlimited
CompressedClassSpaceSize: 1.00 GB
Initial GC threshold: 21.00 MB
Current GC threshold: 42.75 MB
CDS: on
MetaspaceReclaimPolicy: balanced
 - commit_granule_bytes: 65536.
 - commit_granule_words: 8192.
 - virtual_space_node_default_size: 1048576.
 - enlarge_chunks_in_place: 1.
 - new_chunks_are_fully_committed: 0.
 - uncommit_free_chunks: 1.
 - use_allocation_guard: 0.
 - handle_deallocations: 1.


Internal statistics:

num_allocs_failed_limit: 3.
num_arena_births: 216.
num_arena_deaths: 0.
num_vsnodes_births: 5.
num_vsnodes_deaths: 0.
num_space_committed: 451.
num_space_uncommitted: 0.
num_chunks_returned_to_freelist: 3.
num_chunks_taken_from_freelist: 1214.
num_chunk_merges: 3.
num_chunk_splits: 871.
num_chunks_enlarged: 680.
num_purges: 0.
num_inconsistent_stats: 0.

CodeHeap 'non-profiled nmethods': size=120000Kb used=7724Kb max_used=7918Kb free=112275Kb
 bounds [0x00000171a1d20000, 0x00000171a24e0000, 0x00000171a9250000]
CodeHeap 'profiled nmethods': size=120000Kb used=16059Kb max_used=17601Kb free=103940Kb
 bounds [0x000001719a7f0000, 0x000001719b930000, 0x00000171a1d20000]
CodeHeap 'non-nmethods': size=5760Kb used=1233Kb max_used=1297Kb free=4526Kb
 bounds [0x000001719a250000, 0x000001719a4c0000, 0x000001719a7f0000]
 total_blobs=8188 nmethods=7670 adapters=429
 compilation: enabled
              stopped_count=0, restarted_count=0
 full_count=0

Compilation events (20 events):
Event: 36.506 Thread 0x00000171b5618390 nmethod 10390% 0x000001719b527010 code [0x000001719b5275c0, 0x000001719b52c768]
Event: 36.506 Thread 0x00000171b5618390 10394       3       com.sun.tools.javac.tree.TreeMaker::Params (164 bytes)
Event: 36.508 Thread 0x00000171b5618390 nmethod 10394 0x000001719ad5dd10 code [0x000001719ad5e080, 0x000001719ad5f988]
Event: 36.508 Thread 0x00000171b5618390 10392       3       com.sun.tools.javac.comp.Check::diff (39 bytes)
Event: 36.508 Thread 0x00000171b5618390 nmethod 10392 0x000001719b2ed610 code [0x000001719b2ed7e0, 0x000001719b2edc68]
Event: 36.509 Thread 0x00000171b5618390 10391       3       com.sun.tools.javac.comp.Flow$FlowAnalyzer::visitBreak (13 bytes)
Event: 36.509 Thread 0x00000171b5618390 nmethod 10391 0x000001719aa84410 code [0x000001719aa845e0, 0x000001719aa849e8]
Event: 36.512 Thread 0x00000171b5618390 10395       3       com.sun.tools.javac.tree.TreeMaker::TypeParams (59 bytes)
Event: 36.513 Thread 0x00000171b5618390 nmethod 10395 0x000001719ac64b90 code [0x000001719ac64dc0, 0x000001719ac65718]
Event: 36.514 Thread 0x00000171b5618390 10396       3       com.sun.tools.javac.tree.TreeMaker::MethodDef (97 bytes)
Event: 36.516 Thread 0x00000171b5618390 nmethod 10396 0x000001719b5bef10 code [0x000001719b5bf1a0, 0x000001719b5bffa8]
Event: 36.518 Thread 0x00000171b5618390 10397       1       com.sun.tools.javac.tree.JCTree$JCBlock::getStatements (5 bytes)
Event: 36.518 Thread 0x00000171b5618390 nmethod 10397 0x00000171a1dd8610 code [0x00000171a1dd87a0, 0x00000171a1dd8878]
Event: 36.519 Thread 0x00000171b5618390 10398       3       com.sun.tools.javac.util.SharedNameTable::fromChars (187 bytes)
Event: 36.520 Thread 0x00000171b5618390 nmethod 10398 0x000001719af2e410 code [0x000001719af2e640, 0x000001719af2ef58]
Event: 36.524 Thread 0x00000171b560d210 10399       4       com.sun.tools.javac.jvm.Code::endScope (72 bytes)
Event: 36.588 Thread 0x00000171b560d210 nmethod 10399 0x00000171a2336d10 code [0x00000171a2336f80, 0x00000171a2338e28]
Event: 36.588 Thread 0x00000171b560d210 10400       4       com.sun.tools.javac.jvm.Code::addLocalVar (68 bytes)
Event: 36.599 Thread 0x00000171b5618390 10403       3       com.sun.tools.javac.code.Type$WildcardType::getExtendsBound (17 bytes)
Event: 36.599 Thread 0x00000171b5618390 nmethod 10403 0x000001719ae59510 code [0x000001719ae596a0, 0x000001719ae59838]

GC Heap History (20 events):
Event: 19.344 GC heap after
{Heap after GC invocations=26 (full 0):
 garbage-first heap   total 395264K, used 157899K [0x0000000703600000, 0x0000000800000000)
  region size 2048K, 9 young (18432K), 9 survivors (18432K)
 Metaspace       used 23380K, committed 23680K, reserved 1073152K
  class space    used 2596K, committed 2752K, reserved 1048576K
}
Event: 21.002 GC heap before
{Heap before GC invocations=26 (full 0):
 garbage-first heap   total 395264K, used 276683K [0x0000000703600000, 0x0000000800000000)
  region size 2048K, 65 young (133120K), 9 survivors (18432K)
 Metaspace       used 25090K, committed 25408K, reserved 1073152K
  class space    used 2737K, committed 2880K, reserved 1048576K
}
Event: 21.021 GC heap after
{Heap after GC invocations=27 (full 0):
 garbage-first heap   total 395264K, used 185251K [0x0000000703600000, 0x0000000800000000)
  region size 2048K, 9 young (18432K), 9 survivors (18432K)
 Metaspace       used 25090K, committed 25408K, reserved 1073152K
  class space    used 2737K, committed 2880K, reserved 1048576K
}
Event: 21.482 GC heap before
{Heap before GC invocations=27 (full 0):
 garbage-first heap   total 395264K, used 285603K [0x0000000703600000, 0x0000000800000000)
  region size 2048K, 58 young (118784K), 9 survivors (18432K)
 Metaspace       used 25141K, committed 25472K, reserved 1073152K
  class space    used 2738K, committed 2880K, reserved 1048576K
}
Event: 21.508 GC heap after
{Heap after GC invocations=28 (full 0):
 garbage-first heap   total 395264K, used 194270K [0x0000000703600000, 0x0000000800000000)
  region size 2048K, 4 young (8192K), 4 survivors (8192K)
 Metaspace       used 25141K, committed 25472K, reserved 1073152K
  class space    used 2738K, committed 2880K, reserved 1048576K
}
Event: 21.807 GC heap before
{Heap before GC invocations=28 (full 0):
 garbage-first heap   total 395264K, used 294622K [0x0000000703600000, 0x0000000800000000)
  region size 2048K, 53 young (108544K), 4 survivors (8192K)
 Metaspace       used 25184K, committed 25472K, reserved 1073152K
  class space    used 2738K, committed 2880K, reserved 1048576K
}
Event: 21.834 GC heap after
{Heap after GC invocations=29 (full 0):
 garbage-first heap   total 395264K, used 203185K [0x0000000703600000, 0x0000000800000000)
  region size 2048K, 5 young (10240K), 5 survivors (10240K)
 Metaspace       used 25184K, committed 25472K, reserved 1073152K
  class space    used 2738K, committed 2880K, reserved 1048576K
}
Event: 22.204 GC heap before
{Heap before GC invocations=30 (full 0):
 garbage-first heap   total 423936K, used 303537K [0x0000000703600000, 0x0000000800000000)
  region size 2048K, 54 young (110592K), 5 survivors (10240K)
 Metaspace       used 25210K, committed 25536K, reserved 1073152K
  class space    used 2738K, committed 2880K, reserved 1048576K
}
Event: 22.230 GC heap after
{Heap after GC invocations=31 (full 0):
 garbage-first heap   total 423936K, used 211618K [0x0000000703600000, 0x0000000800000000)
  region size 2048K, 5 young (10240K), 5 survivors (10240K)
 Metaspace       used 25210K, committed 25536K, reserved 1073152K
  class space    used 2738K, committed 2880K, reserved 1048576K
}
Event: 22.422 GC heap before
{Heap before GC invocations=31 (full 0):
 garbage-first heap   total 423936K, used 221858K [0x0000000703600000, 0x0000000800000000)
  region size 2048K, 10 young (20480K), 5 survivors (10240K)
 Metaspace       used 25388K, committed 25728K, reserved 1073152K
  class space    used 2763K, committed 2944K, reserved 1048576K
}
Event: 22.441 GC heap after
{Heap after GC invocations=32 (full 0):
 garbage-first heap   total 423936K, used 212063K [0x0000000703600000, 0x0000000800000000)
  region size 2048K, 1 young (2048K), 1 survivors (2048K)
 Metaspace       used 25388K, committed 25728K, reserved 1073152K
  class space    used 2763K, committed 2944K, reserved 1048576K
}
Event: 23.327 GC heap before
{Heap before GC invocations=32 (full 0):
 garbage-first heap   total 423936K, used 328799K [0x0000000703600000, 0x0000000800000000)
  region size 2048K, 58 young (118784K), 1 survivors (2048K)
 Metaspace       used 25918K, committed 26240K, reserved 1073152K
  class space    used 2797K, committed 2944K, reserved 1048576K
}
Event: 23.337 GC heap after
{Heap after GC invocations=33 (full 0):
 garbage-first heap   total 847872K, used 213258K [0x0000000703600000, 0x0000000800000000)
  region size 2048K, 2 young (4096K), 2 survivors (4096K)
 Metaspace       used 25918K, committed 26240K, reserved 1073152K
  class space    used 2797K, committed 2944K, reserved 1048576K
}
Event: 25.039 GC heap before
{Heap before GC invocations=34 (full 0):
 garbage-first heap   total 833536K, used 606474K [0x0000000703600000, 0x0000000800000000)
  region size 2048K, 195 young (399360K), 2 survivors (4096K)
 Metaspace       used 25967K, committed 26304K, reserved 1073152K
  class space    used 2797K, committed 2944K, reserved 1048576K
}
Event: 25.069 GC heap after
{Heap after GC invocations=35 (full 0):
 garbage-first heap   total 833536K, used 225583K [0x0000000703600000, 0x0000000800000000)
  region size 2048K, 9 young (18432K), 9 survivors (18432K)
 Metaspace       used 25967K, committed 26304K, reserved 1073152K
  class space    used 2797K, committed 2944K, reserved 1048576K
}
Event: 25.175 GC heap before
{Heap before GC invocations=35 (full 0):
 garbage-first heap   total 833536K, used 248111K [0x0000000703600000, 0x0000000800000000)
  region size 2048K, 20 young (40960K), 9 survivors (18432K)
 Metaspace       used 25967K, committed 26304K, reserved 1073152K
  class space    used 2797K, committed 2944K, reserved 1048576K
}
Event: 25.197 GC heap after
{Heap after GC invocations=36 (full 0):
 garbage-first heap   total 833536K, used 221168K [0x0000000703600000, 0x0000000800000000)
  region size 2048K, 2 young (4096K), 2 survivors (4096K)
 Metaspace       used 25967K, committed 26304K, reserved 1073152K
  class space    used 2797K, committed 2944K, reserved 1048576K
}
Event: 26.505 GC heap before
{Heap before GC invocations=36 (full 0):
 garbage-first heap   total 833536K, used 651248K [0x0000000703600000, 0x0000000800000000)
  region size 2048K, 212 young (434176K), 2 survivors (4096K)
 Metaspace       used 25983K, committed 26304K, reserved 1073152K
  class space    used 2797K, committed 2944K, reserved 1048576K
}
Event: 26.531 GC heap after
{Heap after GC invocations=37 (full 0):
 garbage-first heap   total 833536K, used 234633K [0x0000000703600000, 0x0000000800000000)
  region size 2048K, 8 young (16384K), 8 survivors (16384K)
 Metaspace       used 25983K, committed 26304K, reserved 1073152K
  class space    used 2797K, committed 2944K, reserved 1048576K
}
Event: 36.619 GC heap before
{Heap before GC invocations=37 (full 0):
 garbage-first heap   total 833536K, used 666761K [0x0000000703600000, 0x0000000800000000)
  region size 2048K, 219 young (448512K), 8 survivors (16384K)
 Metaspace       used 28535K, committed 28864K, reserved 1081344K
  class space    used 2992K, committed 3136K, reserved 1048576K
}

Deoptimization events (20 events):
Event: 34.976 Thread 0x0000017192a44050 DEOPT PACKING pc=0x000001719b786375 sp=0x00000041dd8fcf40
Event: 34.976 Thread 0x0000017192a44050 DEOPT UNPACKING pc=0x000001719a2a6763 sp=0x00000041dd8fc448 mode 0
Event: 35.939 Thread 0x0000017192a44050 Uncommon trap: trap_request=0xffffffde fr.pc=0x00000171a24b98ec relative=0x00000000000000cc
Event: 35.939 Thread 0x0000017192a44050 Uncommon trap: reason=class_check action=maybe_recompile pc=0x00000171a24b98ec method=com.sun.tools.javac.code.Types$UniqueType.equals(Ljava/lang/Object;)Z @ 1 c2
Event: 35.939 Thread 0x0000017192a44050 DEOPT PACKING pc=0x00000171a24b98ec sp=0x00000041dd8fcbd0
Event: 35.939 Thread 0x0000017192a44050 DEOPT UNPACKING pc=0x000001719a2a5c23 sp=0x00000041dd8fcb58 mode 2
Event: 35.939 Thread 0x0000017192a44050 Uncommon trap: trap_request=0xffffffde fr.pc=0x00000171a24b98ec relative=0x00000000000000cc
Event: 35.939 Thread 0x0000017192a44050 Uncommon trap: reason=class_check action=maybe_recompile pc=0x00000171a24b98ec method=com.sun.tools.javac.code.Types$UniqueType.equals(Ljava/lang/Object;)Z @ 1 c2
Event: 35.939 Thread 0x0000017192a44050 DEOPT PACKING pc=0x00000171a24b98ec sp=0x00000041dd8fcbd0
Event: 35.939 Thread 0x0000017192a44050 DEOPT UNPACKING pc=0x000001719a2a5c23 sp=0x00000041dd8fcb58 mode 2
Event: 36.356 Thread 0x0000017192a44050 DEOPT PACKING pc=0x000001719a8c51d4 sp=0x00000041dd8fcb30
Event: 36.356 Thread 0x0000017192a44050 DEOPT UNPACKING pc=0x000001719a2a6763 sp=0x00000041dd8fc0b0 mode 0
Event: 36.585 Thread 0x0000017192a44050 Uncommon trap: trap_request=0xffffffde fr.pc=0x00000171a24b98ec relative=0x00000000000000cc
Event: 36.585 Thread 0x0000017192a44050 Uncommon trap: reason=class_check action=maybe_recompile pc=0x00000171a24b98ec method=com.sun.tools.javac.code.Types$UniqueType.equals(Ljava/lang/Object;)Z @ 1 c2
Event: 36.585 Thread 0x0000017192a44050 DEOPT PACKING pc=0x00000171a24b98ec sp=0x00000041dd8fcbd0
Event: 36.585 Thread 0x0000017192a44050 DEOPT UNPACKING pc=0x000001719a2a5c23 sp=0x00000041dd8fcb58 mode 2
Event: 36.585 Thread 0x0000017192a44050 Uncommon trap: trap_request=0xffffffde fr.pc=0x00000171a24b98ec relative=0x00000000000000cc
Event: 36.585 Thread 0x0000017192a44050 Uncommon trap: reason=class_check action=maybe_recompile pc=0x00000171a24b98ec method=com.sun.tools.javac.code.Types$UniqueType.equals(Ljava/lang/Object;)Z @ 1 c2
Event: 36.585 Thread 0x0000017192a44050 DEOPT PACKING pc=0x00000171a24b98ec sp=0x00000041dd8fcbd0
Event: 36.585 Thread 0x0000017192a44050 DEOPT UNPACKING pc=0x000001719a2a5c23 sp=0x00000041dd8fcb58 mode 2

Classes unloaded (0 events):
No events

Classes redefined (0 events):
No events

Internal exceptions (20 events):
Event: 35.937 Thread 0x0000017192a44050 Exception <a 'sun/nio/fs/WindowsException'{0x000000071dce9ab8}> (0x000000071dce9ab8) 
thrown [t:\workspace\open\src\hotspot\share\prims\jni.cpp, line 516]
Event: 35.945 Thread 0x0000017192a44050 Exception <a 'sun/nio/fs/WindowsException'{0x000000071dcfa7e0}> (0x000000071dcfa7e0) 
thrown [t:\workspace\open\src\hotspot\share\prims\jni.cpp, line 516]
Event: 35.950 Thread 0x0000017192a44050 Exception <a 'sun/nio/fs/WindowsException'{0x000000071dd24fc0}> (0x000000071dd24fc0) 
thrown [t:\workspace\open\src\hotspot\share\prims\jni.cpp, line 516]
Event: 35.954 Thread 0x0000017192a44050 Exception <a 'sun/nio/fs/WindowsException'{0x000000071dd38bc0}> (0x000000071dd38bc0) 
thrown [t:\workspace\open\src\hotspot\share\prims\jni.cpp, line 516]
Event: 36.005 Thread 0x0000017192a44050 Exception <a 'sun/nio/fs/WindowsException'{0x000000071d437a18}> (0x000000071d437a18) 
thrown [t:\workspace\open\src\hotspot\share\prims\jni.cpp, line 516]
Event: 36.009 Thread 0x0000017192a44050 Exception <a 'sun/nio/fs/WindowsException'{0x000000071d446440}> (0x000000071d446440) 
thrown [t:\workspace\open\src\hotspot\share\prims\jni.cpp, line 516]
Event: 36.013 Thread 0x0000017192a44050 Exception <a 'sun/nio/fs/WindowsException'{0x000000071d472a70}> (0x000000071d472a70) 
thrown [t:\workspace\open\src\hotspot\share\prims\jni.cpp, line 516]
Event: 36.018 Thread 0x0000017192a44050 Exception <a 'sun/nio/fs/WindowsException'{0x000000071d488820}> (0x000000071d488820) 
thrown [t:\workspace\open\src\hotspot\share\prims\jni.cpp, line 516]
Event: 36.078 Thread 0x0000017192a44050 Exception <a 'sun/nio/fs/WindowsException'{0x000000071cf714a8}> (0x000000071cf714a8) 
thrown [t:\workspace\open\src\hotspot\share\prims\jni.cpp, line 516]
Event: 36.083 Thread 0x0000017192a44050 Exception <a 'sun/nio/fs/WindowsException'{0x000000071cf7fcf8}> (0x000000071cf7fcf8) 
thrown [t:\workspace\open\src\hotspot\share\prims\jni.cpp, line 516]
Event: 36.088 Thread 0x0000017192a44050 Exception <a 'sun/nio/fs/WindowsException'{0x000000071cfa80b0}> (0x000000071cfa80b0) 
thrown [t:\workspace\open\src\hotspot\share\prims\jni.cpp, line 516]
Event: 36.096 Thread 0x0000017192a44050 Exception <a 'sun/nio/fs/WindowsException'{0x000000071cfb93f8}> (0x000000071cfb93f8) 
thrown [t:\workspace\open\src\hotspot\share\prims\jni.cpp, line 516]
Event: 36.257 Thread 0x0000017192a44050 Exception <a 'sun/nio/fs/WindowsException'{0x000000071c72d290}> (0x000000071c72d290) 
thrown [t:\workspace\open\src\hotspot\share\prims\jni.cpp, line 516]
Event: 36.331 Thread 0x0000017192a44050 Exception <a 'sun/nio/fs/WindowsException'{0x000000071c73c6a0}> (0x000000071c73c6a0) 
thrown [t:\workspace\open\src\hotspot\share\prims\jni.cpp, line 516]
Event: 36.338 Thread 0x0000017192a44050 Exception <a 'sun/nio/fs/WindowsException'{0x000000071c76d4a0}> (0x000000071c76d4a0) 
thrown [t:\workspace\open\src\hotspot\share\prims\jni.cpp, line 516]
Event: 36.356 Thread 0x0000017192a44050 Exception <a 'sun/nio/fs/WindowsException'{0x000000071c7821e8}> (0x000000071c7821e8) 
thrown [t:\workspace\open\src\hotspot\share\prims\jni.cpp, line 516]
Event: 36.582 Thread 0x0000017192a44050 Exception <a 'sun/nio/fs/WindowsException'{0x000000071bf2a698}> (0x000000071bf2a698) 
thrown [t:\workspace\open\src\hotspot\share\prims\jni.cpp, line 516]
Event: 36.586 Thread 0x0000017192a44050 Exception <a 'sun/nio/fs/WindowsException'{0x000000071bf3b050}> (0x000000071bf3b050) 
thrown [t:\workspace\open\src\hotspot\share\prims\jni.cpp, line 516]
Event: 36.594 Thread 0x0000017192a44050 Exception <a 'sun/nio/fs/WindowsException'{0x000000071bf655f0}> (0x000000071bf655f0) 
thrown [t:\workspace\open\src\hotspot\share\prims\jni.cpp, line 516]
Event: 36.598 Thread 0x0000017192a44050 Exception <a 'sun/nio/fs/WindowsException'{0x000000071bf791f8}> (0x000000071bf791f8) 
thrown [t:\workspace\open\src\hotspot\share\prims\jni.cpp, line 516]

VM Operations (20 events):
Event: 31.417 Executing VM operation: ICBufferFull done
Event: 32.112 Executing VM operation: ICBufferFull
Event: 32.112 Executing VM operation: ICBufferFull done
Event: 32.618 Executing VM operation: ICBufferFull
Event: 32.618 Executing VM operation: ICBufferFull done
Event: 33.588 Executing VM operation: ICBufferFull
Event: 33.588 Executing VM operation: ICBufferFull done
Event: 34.255 Executing VM operation: ICBufferFull
Event: 34.255 Executing VM operation: ICBufferFull done
Event: 34.599 Executing VM operation: HandshakeAllThreads
Event: 34.606 Executing VM operation: HandshakeAllThreads done
Event: 34.670 Executing VM operation: HandshakeAllThreads
Event: 34.670 Executing VM operation: HandshakeAllThreads done
Event: 34.698 Executing VM operation: HandshakeAllThreads
Event: 34.698 Executing VM operation: HandshakeAllThreads done
Event: 35.372 Executing VM operation: ICBufferFull
Event: 35.372 Executing VM operation: ICBufferFull done
Event: 36.385 Executing VM operation: Cleanup
Event: 36.395 Executing VM operation: Cleanup done
Event: 36.619 Executing VM operation: G1CollectForAllocation

Events (20 events):
Event: 34.717 Thread 0x00000171b561b9e0 flushing nmethod 0x000001719b6ff810
Event: 34.717 Thread 0x00000171b561b9e0 flushing nmethod 0x000001719b712790
Event: 34.717 Thread 0x00000171b561b9e0 flushing nmethod 0x000001719b718010
Event: 34.717 Thread 0x00000171b561b9e0 flushing nmethod 0x000001719b721210
Event: 34.717 Thread 0x00000171b561b9e0 flushing nmethod 0x000001719b72de10
Event: 34.717 Thread 0x00000171b561b9e0 flushing nmethod 0x000001719b73b390
Event: 34.717 Thread 0x00000171b561b9e0 flushing nmethod 0x000001719b73cd10
Event: 34.717 Thread 0x00000171b561b9e0 flushing nmethod 0x000001719b753910
Event: 34.717 Thread 0x00000171b561b9e0 flushing nmethod 0x000001719b75ff90
Event: 34.717 Thread 0x00000171b561b9e0 flushing nmethod 0x000001719b76f090
Event: 34.717 Thread 0x00000171b561b9e0 flushing nmethod 0x000001719b775510
Event: 34.717 Thread 0x00000171b561b9e0 flushing nmethod 0x000001719b795810
Event: 34.717 Thread 0x00000171b561b9e0 flushing nmethod 0x000001719b79c410
Event: 34.717 Thread 0x00000171b561b9e0 flushing nmethod 0x000001719b7a5a10
Event: 34.717 Thread 0x00000171b561b9e0 flushing nmethod 0x000001719b7b5910
Event: 34.717 Thread 0x00000171b561b9e0 flushing nmethod 0x000001719b7ce590
Event: 34.717 Thread 0x00000171b561b9e0 flushing nmethod 0x000001719b7ceb90
Event: 34.718 Thread 0x00000171b561b9e0 flushing nmethod 0x000001719b858190
Event: 35.044 Thread 0x00000171bab9bf40 Thread exited: 0x00000171bab9bf40
Event: 35.809 Thread 0x00000171bab9bf40 Thread added: 0x00000171bab9bf40


Dynamic libraries:
0x00007ff7ab9f0000 - 0x00007ff7aba00000 	C:\Program Files\Java\jdk-17\bin\java.exe
0x00007ffc0fc10000 - 0x00007ffc0fe08000 	C:\Windows\SYSTEM32\ntdll.dll
0x00007ffc0e5c0000 - 0x00007ffc0e681000 	C:\Windows\System32\KERNEL32.DLL
0x00007ffc0d290000 - 0x00007ffc0d586000 	C:\Windows\System32\KERNELBASE.dll
0x00007ffc0d590000 - 0x00007ffc0d690000 	C:\Windows\System32\ucrtbase.dll
0x00007ffbf5eb0000 - 0x00007ffbf5eca000 	C:\Program Files\Java\jdk-17\bin\VCRUNTIME140.dll
0x00007ffbf5e90000 - 0x00007ffbf5ea8000 	C:\Program Files\Java\jdk-17\bin\jli.dll
0x00007ffc0f010000 - 0x00007ffc0f0c0000 	C:\Windows\System32\ADVAPI32.dll
0x00007ffc0eeb0000 - 0x00007ffc0ef4e000 	C:\Windows\System32\msvcrt.dll
0x00007ffc0ef70000 - 0x00007ffc0f010000 	C:\Windows\System32\sechost.dll
0x00007ffc0f240000 - 0x00007ffc0f363000 	C:\Windows\System32\RPCRT4.dll
0x00007ffc0d820000 - 0x00007ffc0d847000 	C:\Windows\System32\bcrypt.dll
0x00007ffc0e690000 - 0x00007ffc0e82f000 	C:\Windows\System32\USER32.dll
0x00007ffc0c6e0000 - 0x00007ffc0c97a000 	C:\Windows\WinSxS\amd64_microsoft.windows.common-controls_6595b64144ccf1df_6.0.19041.4355_none_60b8b9eb71f62e16\COMCTL32.dll
0x00007ffc0dbe0000 - 0x00007ffc0dc02000 	C:\Windows\System32\win32u.dll
0x00007ffc0ece0000 - 0x00007ffc0ed0b000 	C:\Windows\System32\GDI32.dll
0x00007ffc0d700000 - 0x00007ffc0d817000 	C:\Windows\System32\gdi32full.dll
0x00007ffc0d930000 - 0x00007ffc0d9cd000 	C:\Windows\System32\msvcp_win.dll
0x00007ffc057f0000 - 0x00007ffc057fa000 	C:\Windows\SYSTEM32\VERSION.dll
0x00007ffc0f0c0000 - 0x00007ffc0f0ef000 	C:\Windows\System32\IMM32.DLL
0x00007ffc0b2e0000 - 0x00007ffc0b2ec000 	C:\Program Files\Java\jdk-17\bin\vcruntime140_1.dll
0x00007ffbd72b0000 - 0x00007ffbd733d000 	C:\Program Files\Java\jdk-17\bin\msvcp140.dll
0x00007ffb90110000 - 0x00007ffb90cce000 	C:\Program Files\Java\jdk-17\bin\server\jvm.dll
0x00007ffc0edc0000 - 0x00007ffc0edc8000 	C:\Windows\System32\PSAPI.DLL
0x00007ffbf1430000 - 0x00007ffbf1457000 	C:\Windows\SYSTEM32\WINMM.dll
0x00007ffbf5df0000 - 0x00007ffbf5df9000 	C:\Windows\SYSTEM32\WSOCK32.dll
0x00007ffc0f150000 - 0x00007ffc0f1bb000 	C:\Windows\System32\WS2_32.dll
0x00007ffc0af00000 - 0x00007ffc0af12000 	C:\Windows\SYSTEM32\kernel.appcore.dll
0x00007ffc0b0b0000 - 0x00007ffc0b0ba000 	C:\Program Files\Java\jdk-17\bin\jimage.dll
0x00007ffc0cb90000 - 0x00007ffc0cd74000 	C:\Windows\SYSTEM32\DBGHELP.DLL
0x00007ffc0cb50000 - 0x00007ffc0cb84000 	C:\Windows\SYSTEM32\dbgcore.DLL
0x00007ffc0d8a0000 - 0x00007ffc0d922000 	C:\Windows\System32\bcryptPrimitives.dll
0x00007ffbf5070000 - 0x00007ffbf5095000 	C:\Program Files\Java\jdk-17\bin\java.dll
0x00007ffbb4b90000 - 0x00007ffbb4c66000 	C:\Program Files\Java\jdk-17\bin\svml.dll
0x00007ffc0f3d0000 - 0x00007ffc0fb3c000 	C:\Windows\System32\SHELL32.dll
0x00007ffc0a3d0000 - 0x00007ffc0ab6e000 	C:\Windows\SYSTEM32\windows.storage.dll
0x00007ffc0e920000 - 0x00007ffc0ec73000 	C:\Windows\System32\combase.dll
0x00007ffc0c4b0000 - 0x00007ffc0c4de000 	C:\Windows\SYSTEM32\Wldp.dll
0x00007ffc0ede0000 - 0x00007ffc0eead000 	C:\Windows\System32\OLEAUT32.dll
0x00007ffc0ed10000 - 0x00007ffc0edbd000 	C:\Windows\System32\SHCORE.dll
0x00007ffc0ec80000 - 0x00007ffc0ecd5000 	C:\Windows\System32\shlwapi.dll
0x00007ffc0d1c0000 - 0x00007ffc0d1e4000 	C:\Windows\SYSTEM32\profapi.dll
0x00007ffbf5390000 - 0x00007ffbf53a9000 	C:\Program Files\Java\jdk-17\bin\net.dll
0x00007ffc05220000 - 0x00007ffc0532a000 	C:\Windows\SYSTEM32\WINHTTP.dll
0x00007ffc0c250000 - 0x00007ffc0c2ba000 	C:\Windows\system32\mswsock.dll
0x00007ffbf0090000 - 0x00007ffbf00a5000 	C:\Program Files\Java\jdk-17\bin\nio.dll
0x00007ffbd8540000 - 0x00007ffbd8558000 	C:\Program Files\Java\jdk-17\bin\zip.dll
0x00007ffc06ab0000 - 0x00007ffc06ac0000 	C:\Program Files\Java\jdk-17\bin\verify.dll
0x00007ffbd8520000 - 0x00007ffbd853a000 	C:\Program Files\JetBrains\IntelliJ IDEA 2019.3.4\bin\breakgen64.dll
0x00007ffc0cf20000 - 0x00007ffc0cf38000 	C:\Windows\SYSTEM32\CRYPTSP.dll
0x00007ffc0bbf0000 - 0x00007ffc0bc24000 	C:\Windows\system32\rsaenh.dll
0x00007ffc0d130000 - 0x00007ffc0d15e000 	C:\Windows\SYSTEM32\USERENV.dll
0x00007ffc0c3e0000 - 0x00007ffc0c3ec000 	C:\Windows\SYSTEM32\CRYPTBASE.dll
0x00007ffc0bf50000 - 0x00007ffc0bf8b000 	C:\Windows\SYSTEM32\IPHLPAPI.DLL
0x00007ffc0e830000 - 0x00007ffc0e838000 	C:\Windows\System32\NSI.dll
0x00007ffc07030000 - 0x00007ffc07047000 	C:\Windows\SYSTEM32\dhcpcsvc6.DLL
0x00007ffc07010000 - 0x00007ffc0702d000 	C:\Windows\SYSTEM32\dhcpcsvc.DLL
0x00007ffc0bf90000 - 0x00007ffc0c05a000 	C:\Windows\SYSTEM32\DNSAPI.dll
0x00007ffbf5e80000 - 0x00007ffbf5e8a000 	C:\Users\sbonar\AppData\Local\Temp\jansi-1.17.1-11751621340221359969.dll
0x00007ffbf5060000 - 0x00007ffbf506a000 	C:\Users\sbonar\AppData\Local\Temp\jansi-1.17.1-16938457708361634133.dll
0x00007ffc0cee0000 - 0x00007ffc0cf13000 	C:\Windows\SYSTEM32\ntmarta.dll

dbghelp: loaded successfully - version: 4.0.5 - missing functions: none
symbol engine: initialized successfully - sym options: 0x614 - pdb path: .;C:\Program Files\Java\jdk-17\bin;C:\Windows\SYSTEM32;C:\Windows\WinSxS\amd64_microsoft.windows.common-controls_6595b64144ccf1df_6.0.19041.4355_none_60b8b9eb71f62e16;C:\Program Files\Java\jdk-17\bin\server;C:\Program Files\JetBrains\IntelliJ IDEA 2019.3.4\bin;C:\Users\sbonar\AppData\Local\Temp

VM Arguments:
jvm_args: -Dmaven.multiModuleProjectDirectory=C:\Users\sbonar\Videos\TrueConf\grpcmocker-master -Dmaven.home=C:\Program Files\JetBrains\IntelliJ IDEA 2019.3.4\plugins\maven\lib\maven3 -Dclassworlds.conf=C:\Program Files\JetBrains\IntelliJ IDEA 2019.3.4\plugins\maven\lib\maven3\bin\m2.conf -Dmaven.ext.class.path=C:\Program Files\JetBrains\IntelliJ IDEA 2019.3.4\plugins\maven\lib\maven-event-listener.jar -Didea.launcher.port=50809 -Didea.launcher.bin.path=C:\Program Files\JetBrains\IntelliJ IDEA 2019.3.4\bin -Dfile.encoding=UTF-8 
java_command: com.intellij.rt.execution.application.AppMainV2 org.codehaus.classworlds.Launcher -Didea.version2019.3.4 compile
java_class_path (initial): C:\Program Files\JetBrains\IntelliJ IDEA 2019.3.4\plugins\maven\lib\maven3\boot\plexus-classworlds-2.6.0.jar;C:\Program Files\JetBrains\IntelliJ IDEA 2019.3.4\lib\idea_rt.jar
Launcher Type: SUN_STANDARD

[Global flags]
     intx CICompilerCount                          = 4                                         {product} {ergonomic}
     uint ConcGCThreads                            = 2                                         {product} {ergonomic}
     uint G1ConcRefinementThreads                  = 8                                         {product} {ergonomic}
   size_t G1HeapRegionSize                         = 2097152                                   {product} {ergonomic}
    uintx GCDrainStackTargetSize                   = 64                                        {product} {ergonomic}
   size_t InitialHeapSize                          = 266338304                                 {product} {ergonomic}
   size_t MarkStackSize                            = 4194304                                   {product} {ergonomic}
   size_t MaxHeapSize                              = 4238344192                                {product} {ergonomic}
   size_t MaxNewSize                               = 2541748224                                {product} {ergonomic}
   size_t MinHeapDeltaBytes                        = 2097152                                   {product} {ergonomic}
   size_t MinHeapSize                              = 8388608                                   {product} {ergonomic}
    uintx NonNMethodCodeHeapSize                   = 5839372                                {pd product} {ergonomic}
    uintx NonProfiledCodeHeapSize                  = 122909434                              {pd product} {ergonomic}
    uintx ProfiledCodeHeapSize                     = 122909434                              {pd product} {ergonomic}
    uintx ReservedCodeCacheSize                    = 251658240                              {pd product} {ergonomic}
     bool SegmentedCodeCache                       = true                                      {product} {ergonomic}
   size_t SoftMaxHeapSize                          = 4238344192                             {manageable} {ergonomic}
     bool UseCompressedClassPointers               = true                           {product lp64_product} {ergonomic}
     bool UseCompressedOops                        = true                           {product lp64_product} {ergonomic}
     bool UseG1GC                                  = true                                      {product} {ergonomic}
     bool UseLargePagesIndividualAllocation        = false                                  {pd product} {ergonomic}

Logging:
Log output configuration:
 #0: stdout all=warning uptime,level,tags
 #1: stderr all=off uptime,level,tags

Environment Variables:
JAVA_HOME=C:\Program Files\Java\jdk-17
PATH=C:\Program Files\Common Files\Oracle\Java\javapath;C:\Windows\system32;C:\Windows;C:\Windows\System32\Wbem;C:\Windows\System32\WindowsPowerShell\v1.0\;C:\Windows\System32\OpenSSH\;C:\Program Files\Microsoft SQL Server\110\Tools\Binn\;C:\Program Files\Docker\Docker\resources\bin;C:\Program Files\Git\cmd;C:\Users\sbonar\AppData\Local\Microsoft\WindowsApps;
USERNAME=sbonar
OS=Windows_NT
PROCESSOR_IDENTIFIER=Intel64 Family 6 Model 126 Stepping 5, GenuineIntel



---------------  S Y S T E M  ---------------

OS:
 Windows 10 , 64 bit Build 19041 (10.0.19041.4597)
OS uptime: 4 days 2:29 hours
Hyper-V role detected

CPU: total 8 (initial active 8) (4 cores per cpu, 2 threads per core) family 6 model 126 stepping 5 microcode 0x78, cx8, cmov, fxsr, ht, mmx, 3dnowpref, sse, sse2, sse3, ssse3, sse4.1, sse4.2, popcnt, lzcnt, tsc, tscinvbit, avx, avx2, aes, erms, clmul, bmi1, bmi2, adx, avx512f, avx512dq, avx512cd, avx512bw, avx512vl, sha, fma, vzeroupper, avx512_vpopcntdq, avx512_vpclmulqdq, avx512_vaes, avx512_vnni, clflush, clflushopt, avx512_vbmi2, avx512_vbmi, hv

Memory: 4k page, system-wide physical 16165M (5948M free)
TotalPageFile size 30401M (AvailPageFile size 18036M)
current process WorkingSet (physical memory assigned to process): 985M, peak: 1008M
current process commit charge ("private bytes"): 1042M, peak: 1066M

vm_info: Java HotSpot(TM) 64-Bit Server VM (17+35-LTS-2724) for windows-amd64 JRE (17+35-LTS-2724), built on Aug  5 2021 23:28:28 by "mach5one" with MS VC++ 16.8 (VS2019)

END.
